2025-11-30 01:36:38,188 - INFO - Starting Stock Monitor...
2025-11-30 01:36:38,686 - INFO - Checking URL: https://webscraper.io/test-sites/e-commerce/allinone/product/553
2025-11-30 01:36:55,966 - ERROR - Timeout waiting for price selector. Page layout might have changed or bot detection triggered.
2025-11-30 01:36:56,016 - INFO - Sleeping for 54 seconds...
2025-11-30 01:37:50,647 - INFO - Checking URL: https://webscraper.io/test-sites/e-commerce/allinone/product/553
2025-11-30 01:38:07,353 - ERROR - Timeout waiting for price selector. Page layout might have changed or bot detection triggered.
2025-11-30 01:38:07,384 - INFO - Sleeping for 35 seconds...
2025-11-30 01:38:42,883 - INFO - Checking URL: https://webscraper.io/test-sites/e-commerce/allinone/product/553
2025-11-30 01:38:59,111 - ERROR - Timeout waiting for price selector. Page layout might have changed or bot detection triggered.
2025-11-30 01:38:59,166 - INFO - Sleeping for 55 seconds...
2025-11-30 01:39:54,740 - INFO - Checking URL: https://webscraper.io/test-sites/e-commerce/allinone/product/553
2025-11-30 01:40:11,734 - ERROR - Timeout waiting for price selector. Page layout might have changed or bot detection triggered.
2025-11-30 01:40:11,791 - INFO - Sleeping for 47 seconds...
2025-11-30 01:40:59,338 - INFO - Checking URL: https://webscraper.io/test-sites/e-commerce/allinone/product/553
2025-11-30 01:41:15,759 - ERROR - Timeout waiting for price selector. Page layout might have changed or bot detection triggered.
2025-11-30 01:41:15,793 - INFO - Sleeping for 50 seconds...
2025-11-30 01:42:06,294 - INFO - Checking URL: https://webscraper.io/test-sites/e-commerce/allinone/product/553
2025-11-30 01:42:23,206 - ERROR - Timeout waiting for price selector. Page layout might have changed or bot detection triggered.
2025-11-30 01:42:23,254 - INFO - Sleeping for 57 seconds...
2025-11-30 01:43:20,852 - INFO - Checking URL: https://webscraper.io/test-sites/e-commerce/allinone/product/553
2025-11-30 01:43:37,102 - ERROR - Timeout waiting for price selector. Page layout might have changed or bot detection triggered.
2025-11-30 01:43:37,155 - INFO - Sleeping for 42 seconds...
2025-11-30 01:44:19,546 - INFO - Checking URL: https://webscraper.io/test-sites/e-commerce/allinone/product/553
2025-11-30 01:44:36,584 - ERROR - Timeout waiting for price selector. Page layout might have changed or bot detection triggered.
2025-11-30 01:44:36,623 - INFO - Sleeping for 54 seconds...
2025-11-30 01:45:31,143 - INFO - Checking URL: https://webscraper.io/test-sites/e-commerce/allinone/product/553
2025-11-30 01:45:47,375 - ERROR - Timeout waiting for price selector. Page layout might have changed or bot detection triggered.
2025-11-30 01:45:47,424 - INFO - Sleeping for 57 seconds...
2025-11-30 01:46:44,949 - INFO - Checking URL: https://webscraper.io/test-sites/e-commerce/allinone/product/553
2025-11-30 01:47:01,717 - ERROR - Timeout waiting for price selector. Page layout might have changed or bot detection triggered.
2025-11-30 01:47:01,768 - INFO - Sleeping for 42 seconds...
2025-11-30 01:47:44,168 - INFO - Checking URL: https://webscraper.io/test-sites/e-commerce/allinone/product/553
2025-11-30 01:48:01,412 - ERROR - Timeout waiting for price selector. Page layout might have changed or bot detection triggered.
2025-11-30 01:48:01,444 - INFO - Sleeping for 47 seconds...
2025-11-30 01:48:48,874 - INFO - Checking URL: https://webscraper.io/test-sites/e-commerce/allinone/product/553
2025-11-30 01:49:06,016 - ERROR - Timeout waiting for price selector. Page layout might have changed or bot detection triggered.
2025-11-30 01:49:06,044 - INFO - Sleeping for 60 seconds...
2025-11-30 01:50:06,499 - INFO - Checking URL: https://webscraper.io/test-sites/e-commerce/allinone/product/553
2025-11-30 01:50:23,024 - ERROR - Timeout waiting for price selector. Page layout might have changed or bot detection triggered.
2025-11-30 01:50:23,057 - INFO - Sleeping for 34 seconds...
2025-11-30 01:50:57,445 - INFO - Checking URL: https://webscraper.io/test-sites/e-commerce/allinone/product/553
2025-11-30 01:51:13,668 - ERROR - Timeout waiting for price selector. Page layout might have changed or bot detection triggered.
2025-11-30 01:51:13,703 - INFO - Sleeping for 47 seconds...
2025-11-30 01:52:01,068 - INFO - Checking URL: https://webscraper.io/test-sites/e-commerce/allinone/product/553
2025-11-30 01:52:17,651 - ERROR - Timeout waiting for price selector. Page layout might have changed or bot detection triggered.
2025-11-30 01:52:17,685 - INFO - Sleeping for 32 seconds...
2025-11-30 01:52:50,078 - INFO - Checking URL: https://webscraper.io/test-sites/e-commerce/allinone/product/553
2025-11-30 01:53:06,853 - ERROR - Timeout waiting for price selector. Page layout might have changed or bot detection triggered.
2025-11-30 01:53:06,885 - INFO - Sleeping for 57 seconds...
2025-11-30 01:54:04,294 - INFO - Checking URL: https://webscraper.io/test-sites/e-commerce/allinone/product/553
2025-11-30 01:54:20,613 - ERROR - Timeout waiting for price selector. Page layout might have changed or bot detection triggered.
2025-11-30 01:54:20,643 - INFO - Sleeping for 51 seconds...
2025-11-30 01:55:12,056 - INFO - Checking URL: https://webscraper.io/test-sites/e-commerce/allinone/product/553
2025-11-30 01:55:29,153 - ERROR - Timeout waiting for price selector. Page layout might have changed or bot detection triggered.
2025-11-30 01:55:29,186 - INFO - Sleeping for 52 seconds...
2025-11-30 01:56:21,589 - INFO - Checking URL: https://webscraper.io/test-sites/e-commerce/allinone/product/553
2025-11-30 01:56:37,897 - ERROR - Timeout waiting for price selector. Page layout might have changed or bot detection triggered.
2025-11-30 01:56:37,932 - INFO - Sleeping for 50 seconds...
2025-11-30 01:57:28,362 - INFO - Checking URL: https://webscraper.io/test-sites/e-commerce/allinone/product/553
2025-11-30 01:57:45,395 - ERROR - Timeout waiting for price selector. Page layout might have changed or bot detection triggered.
2025-11-30 01:57:45,426 - INFO - Sleeping for 48 seconds...
2025-11-30 01:58:33,814 - INFO - Checking URL: https://webscraper.io/test-sites/e-commerce/allinone/product/553
2025-11-30 01:58:51,076 - ERROR - Timeout waiting for price selector. Page layout might have changed or bot detection triggered.
2025-11-30 01:58:51,105 - INFO - Sleeping for 32 seconds...
2025-11-30 01:59:23,492 - INFO - Checking URL: https://webscraper.io/test-sites/e-commerce/allinone/product/553
2025-11-30 01:59:40,032 - ERROR - Timeout waiting for price selector. Page layout might have changed or bot detection triggered.
2025-11-30 01:59:40,064 - INFO - Sleeping for 30 seconds...
2025-11-30 02:00:10,468 - INFO - Checking URL: https://webscraper.io/test-sites/e-commerce/allinone/product/553
2025-11-30 02:00:27,093 - ERROR - Timeout waiting for price selector. Page layout might have changed or bot detection triggered.
2025-11-30 02:00:27,126 - INFO - Sleeping for 46 seconds...
2025-11-30 02:01:13,552 - INFO - Checking URL: https://webscraper.io/test-sites/e-commerce/allinone/product/553
2025-11-30 02:01:30,195 - ERROR - Timeout waiting for price selector. Page layout might have changed or bot detection triggered.
2025-11-30 02:01:30,232 - INFO - Sleeping for 35 seconds...
2025-11-30 02:02:05,662 - INFO - Checking URL: https://webscraper.io/test-sites/e-commerce/allinone/product/553
2025-11-30 02:02:21,849 - ERROR - Timeout waiting for price selector. Page layout might have changed or bot detection triggered.
2025-11-30 02:02:21,887 - INFO - Sleeping for 43 seconds...
2025-11-30 02:03:05,401 - INFO - Checking URL: https://webscraper.io/test-sites/e-commerce/allinone/product/553
2025-11-30 02:03:21,660 - ERROR - Timeout waiting for price selector. Page layout might have changed or bot detection triggered.
2025-11-30 02:03:21,698 - INFO - Sleeping for 50 seconds...
2025-11-30 02:04:12,139 - INFO - Checking URL: https://webscraper.io/test-sites/e-commerce/allinone/product/553
2025-11-30 02:04:29,308 - ERROR - Timeout waiting for price selector. Page layout might have changed or bot detection triggered.
2025-11-30 02:04:29,344 - INFO - Sleeping for 48 seconds...
2025-11-30 02:05:17,788 - INFO - Checking URL: https://webscraper.io/test-sites/e-commerce/allinone/product/553
2025-11-30 02:05:34,292 - ERROR - Timeout waiting for price selector. Page layout might have changed or bot detection triggered.
2025-11-30 02:05:34,329 - INFO - Sleeping for 34 seconds...
2025-11-30 02:06:08,720 - INFO - Checking URL: https://webscraper.io/test-sites/e-commerce/allinone/product/553
2025-11-30 02:06:25,551 - ERROR - Timeout waiting for price selector. Page layout might have changed or bot detection triggered.
2025-11-30 02:06:25,590 - INFO - Sleeping for 49 seconds...
2025-11-30 02:07:15,053 - INFO - Checking URL: https://webscraper.io/test-sites/e-commerce/allinone/product/553
2025-11-30 02:07:31,327 - ERROR - Timeout waiting for price selector. Page layout might have changed or bot detection triggered.
2025-11-30 02:07:31,362 - INFO - Sleeping for 42 seconds...
2025-11-30 02:08:13,763 - INFO - Checking URL: https://webscraper.io/test-sites/e-commerce/allinone/product/553
2025-11-30 02:08:30,222 - ERROR - Timeout waiting for price selector. Page layout might have changed or bot detection triggered.
2025-11-30 02:08:30,259 - INFO - Sleeping for 42 seconds...
2025-11-30 02:09:12,708 - INFO - Checking URL: https://webscraper.io/test-sites/e-commerce/allinone/product/553
2025-11-30 02:09:29,854 - ERROR - Timeout waiting for price selector. Page layout might have changed or bot detection triggered.
2025-11-30 02:09:29,896 - INFO - Sleeping for 42 seconds...
2025-11-30 02:10:12,309 - INFO - Checking URL: https://webscraper.io/test-sites/e-commerce/allinone/product/553
2025-11-30 02:10:28,996 - ERROR - Timeout waiting for price selector. Page layout might have changed or bot detection triggered.
2025-11-30 02:10:29,025 - INFO - Sleeping for 41 seconds...
2025-11-30 02:11:10,417 - INFO - Checking URL: https://webscraper.io/test-sites/e-commerce/allinone/product/553
2025-11-30 02:11:27,050 - ERROR - Timeout waiting for price selector. Page layout might have changed or bot detection triggered.
2025-11-30 02:11:27,079 - INFO - Sleeping for 55 seconds...
2025-11-30 02:12:22,463 - INFO - Checking URL: https://webscraper.io/test-sites/e-commerce/allinone/product/553
2025-11-30 02:12:39,331 - ERROR - Timeout waiting for price selector. Page layout might have changed or bot detection triggered.
2025-11-30 02:12:39,361 - INFO - Sleeping for 32 seconds...
2025-11-30 02:13:11,713 - INFO - Checking URL: https://webscraper.io/test-sites/e-commerce/allinone/product/553
2025-11-30 02:13:28,867 - ERROR - Timeout waiting for price selector. Page layout might have changed or bot detection triggered.
2025-11-30 02:13:28,896 - INFO - Sleeping for 50 seconds...
2025-11-30 02:14:19,284 - INFO - Checking URL: https://webscraper.io/test-sites/e-commerce/allinone/product/553
2025-11-30 02:14:36,197 - ERROR - Timeout waiting for price selector. Page layout might have changed or bot detection triggered.
2025-11-30 02:14:36,224 - INFO - Sleeping for 53 seconds...
2025-11-30 02:15:29,634 - INFO - Checking URL: https://webscraper.io/test-sites/e-commerce/allinone/product/553
2025-11-30 02:15:46,083 - ERROR - Timeout waiting for price selector. Page layout might have changed or bot detection triggered.
2025-11-30 02:15:46,119 - INFO - Sleeping for 47 seconds...
2025-11-30 02:16:33,501 - INFO - Checking URL: https://webscraper.io/test-sites/e-commerce/allinone/product/553
2025-11-30 02:16:50,649 - ERROR - Timeout waiting for price selector. Page layout might have changed or bot detection triggered.
2025-11-30 02:16:50,676 - INFO - Sleeping for 56 seconds...
2025-11-30 02:17:47,028 - INFO - Checking URL: https://webscraper.io/test-sites/e-commerce/allinone/product/553
2025-11-30 02:18:03,725 - ERROR - Timeout waiting for price selector. Page layout might have changed or bot detection triggered.
2025-11-30 02:18:03,754 - INFO - Sleeping for 37 seconds...
2025-11-30 02:18:41,101 - INFO - Checking URL: https://webscraper.io/test-sites/e-commerce/allinone/product/553
2025-11-30 02:18:58,255 - ERROR - Timeout waiting for price selector. Page layout might have changed or bot detection triggered.
2025-11-30 02:18:58,284 - INFO - Sleeping for 51 seconds...
2025-11-30 02:19:49,707 - INFO - Checking URL: https://webscraper.io/test-sites/e-commerce/allinone/product/553
2025-11-30 02:20:06,190 - ERROR - Timeout waiting for price selector. Page layout might have changed or bot detection triggered.
2025-11-30 02:20:06,219 - INFO - Sleeping for 30 seconds...
2025-11-30 02:20:36,591 - INFO - Checking URL: https://webscraper.io/test-sites/e-commerce/allinone/product/553
2025-11-30 02:20:52,900 - ERROR - Timeout waiting for price selector. Page layout might have changed or bot detection triggered.
2025-11-30 02:20:52,929 - INFO - Sleeping for 59 seconds...
2025-11-30 02:21:52,348 - INFO - Checking URL: https://webscraper.io/test-sites/e-commerce/allinone/product/553
2025-11-30 02:22:08,641 - ERROR - Timeout waiting for price selector. Page layout might have changed or bot detection triggered.
2025-11-30 02:22:08,676 - INFO - Sleeping for 43 seconds...
2025-11-30 02:22:52,081 - INFO - Checking URL: https://webscraper.io/test-sites/e-commerce/allinone/product/553
2025-11-30 02:23:08,845 - ERROR - Timeout waiting for price selector. Page layout might have changed or bot detection triggered.
2025-11-30 02:23:08,874 - INFO - Sleeping for 47 seconds...
2025-11-30 02:23:56,250 - INFO - Checking URL: https://webscraper.io/test-sites/e-commerce/allinone/product/553
2025-11-30 02:24:12,658 - ERROR - Timeout waiting for price selector. Page layout might have changed or bot detection triggered.
2025-11-30 02:24:12,685 - INFO - Sleeping for 47 seconds...
2025-11-30 02:25:00,100 - INFO - Checking URL: https://webscraper.io/test-sites/e-commerce/allinone/product/553
2025-11-30 02:25:17,070 - ERROR - Timeout waiting for price selector. Page layout might have changed or bot detection triggered.
2025-11-30 02:25:17,098 - INFO - Sleeping for 36 seconds...
2025-11-30 02:25:53,462 - INFO - Checking URL: https://webscraper.io/test-sites/e-commerce/allinone/product/553
2025-11-30 02:26:10,308 - ERROR - Timeout waiting for price selector. Page layout might have changed or bot detection triggered.
2025-11-30 02:26:10,337 - INFO - Sleeping for 52 seconds...
2025-11-30 02:27:02,723 - INFO - Checking URL: https://webscraper.io/test-sites/e-commerce/allinone/product/553
2025-11-30 02:27:19,053 - ERROR - Timeout waiting for price selector. Page layout might have changed or bot detection triggered.
2025-11-30 02:27:19,082 - INFO - Sleeping for 57 seconds...
2025-11-30 02:28:16,463 - INFO - Checking URL: https://webscraper.io/test-sites/e-commerce/allinone/product/553
2025-11-30 02:28:32,873 - ERROR - Timeout waiting for price selector. Page layout might have changed or bot detection triggered.
2025-11-30 02:28:32,902 - INFO - Sleeping for 54 seconds...
2025-11-30 02:29:27,280 - INFO - Checking URL: https://webscraper.io/test-sites/e-commerce/allinone/product/553
2025-11-30 02:29:44,071 - ERROR - Timeout waiting for price selector. Page layout might have changed or bot detection triggered.
2025-11-30 02:29:44,098 - INFO - Sleeping for 35 seconds...
2025-11-30 02:30:19,473 - INFO - Checking URL: https://webscraper.io/test-sites/e-commerce/allinone/product/553
2025-11-30 02:30:36,003 - ERROR - Timeout waiting for price selector. Page layout might have changed or bot detection triggered.
2025-11-30 02:30:36,030 - INFO - Sleeping for 43 seconds...
2025-11-30 02:31:19,444 - INFO - Checking URL: https://webscraper.io/test-sites/e-commerce/allinone/product/553
2025-11-30 02:31:35,650 - ERROR - Timeout waiting for price selector. Page layout might have changed or bot detection triggered.
2025-11-30 02:31:35,678 - INFO - Sleeping for 46 seconds...
2025-11-30 02:32:22,047 - INFO - Checking URL: https://webscraper.io/test-sites/e-commerce/allinone/product/553
2025-11-30 02:32:38,591 - ERROR - Timeout waiting for price selector. Page layout might have changed or bot detection triggered.
2025-11-30 02:32:38,619 - INFO - Sleeping for 46 seconds...
2025-11-30 02:33:25,007 - INFO - Checking URL: https://webscraper.io/test-sites/e-commerce/allinone/product/553
2025-11-30 02:33:42,048 - ERROR - Timeout waiting for price selector. Page layout might have changed or bot detection triggered.
2025-11-30 02:33:42,076 - INFO - Sleeping for 49 seconds...
2025-11-30 02:34:31,492 - INFO - Checking URL: https://webscraper.io/test-sites/e-commerce/allinone/product/553
2025-11-30 02:34:47,911 - ERROR - Timeout waiting for price selector. Page layout might have changed or bot detection triggered.
2025-11-30 02:34:47,945 - INFO - Sleeping for 43 seconds...
2025-11-30 02:35:31,345 - INFO - Checking URL: https://webscraper.io/test-sites/e-commerce/allinone/product/553
2025-11-30 02:35:48,366 - ERROR - Timeout waiting for price selector. Page layout might have changed or bot detection triggered.
2025-11-30 02:35:48,396 - INFO - Sleeping for 53 seconds...
2025-11-30 02:36:41,764 - INFO - Checking URL: https://webscraper.io/test-sites/e-commerce/allinone/product/553
2025-11-30 02:36:57,959 - ERROR - Timeout waiting for price selector. Page layout might have changed or bot detection triggered.
2025-11-30 02:36:57,999 - INFO - Sleeping for 41 seconds...
2025-11-30 02:37:39,338 - INFO - Checking URL: https://webscraper.io/test-sites/e-commerce/allinone/product/553
2025-11-30 02:37:56,008 - ERROR - Timeout waiting for price selector. Page layout might have changed or bot detection triggered.
2025-11-30 02:37:56,038 - INFO - Sleeping for 46 seconds...
2025-11-30 02:38:42,422 - INFO - Checking URL: https://webscraper.io/test-sites/e-commerce/allinone/product/553
2025-11-30 02:38:59,307 - ERROR - Timeout waiting for price selector. Page layout might have changed or bot detection triggered.
2025-11-30 02:38:59,337 - INFO - Sleeping for 47 seconds...
2025-11-30 02:39:46,743 - INFO - Checking URL: https://webscraper.io/test-sites/e-commerce/allinone/product/553
2025-11-30 02:40:02,927 - ERROR - Timeout waiting for price selector. Page layout might have changed or bot detection triggered.
2025-11-30 02:40:02,957 - INFO - Sleeping for 31 seconds...
2025-11-30 02:40:34,345 - INFO - Checking URL: https://webscraper.io/test-sites/e-commerce/allinone/product/553
2025-11-30 02:40:51,132 - ERROR - Timeout waiting for price selector. Page layout might have changed or bot detection triggered.
2025-11-30 02:40:51,161 - INFO - Sleeping for 38 seconds...
2025-11-30 02:41:29,570 - INFO - Checking URL: https://webscraper.io/test-sites/e-commerce/allinone/product/553
2025-11-30 02:41:46,163 - ERROR - Timeout waiting for price selector. Page layout might have changed or bot detection triggered.
2025-11-30 02:41:46,192 - INFO - Sleeping for 42 seconds...
2025-11-30 02:42:28,586 - INFO - Checking URL: https://webscraper.io/test-sites/e-commerce/allinone/product/553
2025-11-30 02:42:45,684 - ERROR - Timeout waiting for price selector. Page layout might have changed or bot detection triggered.
2025-11-30 02:42:45,714 - INFO - Sleeping for 50 seconds...
2025-11-30 02:43:36,113 - INFO - Checking URL: https://webscraper.io/test-sites/e-commerce/allinone/product/553
2025-11-30 02:43:52,928 - ERROR - Timeout waiting for price selector. Page layout might have changed or bot detection triggered.
2025-11-30 02:43:52,956 - INFO - Sleeping for 33 seconds...
2025-11-30 02:44:26,337 - INFO - Checking URL: https://webscraper.io/test-sites/e-commerce/allinone/product/553
2025-11-30 02:44:42,521 - ERROR - Timeout waiting for price selector. Page layout might have changed or bot detection triggered.
2025-11-30 02:44:42,549 - INFO - Sleeping for 41 seconds...
2025-11-30 02:45:23,930 - INFO - Checking URL: https://webscraper.io/test-sites/e-commerce/allinone/product/553
2025-11-30 02:45:40,515 - ERROR - Timeout waiting for price selector. Page layout might have changed or bot detection triggered.
2025-11-30 02:45:40,548 - INFO - Sleeping for 41 seconds...
2025-11-30 02:46:21,929 - INFO - Checking URL: https://webscraper.io/test-sites/e-commerce/allinone/product/553
2025-11-30 02:46:39,235 - ERROR - Timeout waiting for price selector. Page layout might have changed or bot detection triggered.
2025-11-30 02:46:39,263 - INFO - Sleeping for 43 seconds...
2025-11-30 02:47:22,658 - INFO - Checking URL: https://webscraper.io/test-sites/e-commerce/allinone/product/553
2025-11-30 02:47:39,396 - ERROR - Timeout waiting for price selector. Page layout might have changed or bot detection triggered.
2025-11-30 02:47:39,425 - INFO - Sleeping for 57 seconds...
2025-11-30 02:48:36,781 - INFO - Checking URL: https://webscraper.io/test-sites/e-commerce/allinone/product/553
2025-11-30 02:48:53,879 - ERROR - Timeout waiting for price selector. Page layout might have changed or bot detection triggered.
2025-11-30 02:48:53,907 - INFO - Sleeping for 40 seconds...
2025-11-30 02:49:34,293 - INFO - Checking URL: https://webscraper.io/test-sites/e-commerce/allinone/product/553
2025-11-30 02:49:51,234 - ERROR - Timeout waiting for price selector. Page layout might have changed or bot detection triggered.
2025-11-30 02:49:51,262 - INFO - Sleeping for 39 seconds...
2025-11-30 02:50:30,655 - INFO - Checking URL: https://webscraper.io/test-sites/e-commerce/allinone/product/553
2025-11-30 02:50:47,109 - ERROR - Timeout waiting for price selector. Page layout might have changed or bot detection triggered.
2025-11-30 02:50:47,139 - INFO - Sleeping for 41 seconds...
2025-11-30 02:51:28,506 - INFO - Checking URL: https://webscraper.io/test-sites/e-commerce/allinone/product/553
2025-11-30 02:51:45,903 - ERROR - Timeout waiting for price selector. Page layout might have changed or bot detection triggered.
2025-11-30 02:51:45,932 - INFO - Sleeping for 44 seconds...
2025-11-30 02:52:30,374 - INFO - Checking URL: https://webscraper.io/test-sites/e-commerce/allinone/product/553
2025-11-30 02:52:46,784 - ERROR - Timeout waiting for price selector. Page layout might have changed or bot detection triggered.
2025-11-30 02:52:46,812 - INFO - Sleeping for 33 seconds...
2025-11-30 02:53:20,198 - INFO - Checking URL: https://webscraper.io/test-sites/e-commerce/allinone/product/553
2025-11-30 02:53:36,680 - ERROR - Timeout waiting for price selector. Page layout might have changed or bot detection triggered.
2025-11-30 02:53:36,708 - INFO - Sleeping for 41 seconds...
2025-11-30 02:54:18,098 - INFO - Checking URL: https://webscraper.io/test-sites/e-commerce/allinone/product/553
2025-11-30 02:54:34,551 - ERROR - Timeout waiting for price selector. Page layout might have changed or bot detection triggered.
2025-11-30 02:54:34,579 - INFO - Sleeping for 34 seconds...
2025-11-30 02:55:08,963 - INFO - Checking URL: https://webscraper.io/test-sites/e-commerce/allinone/product/553
2025-11-30 02:55:25,753 - ERROR - Timeout waiting for price selector. Page layout might have changed or bot detection triggered.
2025-11-30 02:55:25,783 - INFO - Sleeping for 50 seconds...
2025-11-30 02:56:16,170 - INFO - Checking URL: https://webscraper.io/test-sites/e-commerce/allinone/product/553
2025-11-30 02:56:32,914 - ERROR - Timeout waiting for price selector. Page layout might have changed or bot detection triggered.
2025-11-30 02:56:32,943 - INFO - Sleeping for 46 seconds...
2025-11-30 02:57:19,332 - INFO - Checking URL: https://webscraper.io/test-sites/e-commerce/allinone/product/553
2025-11-30 02:57:35,907 - ERROR - Timeout waiting for price selector. Page layout might have changed or bot detection triggered.
2025-11-30 02:57:35,935 - INFO - Sleeping for 52 seconds...
2025-11-30 02:58:28,289 - INFO - Checking URL: https://webscraper.io/test-sites/e-commerce/allinone/product/553
2025-11-30 02:58:45,210 - ERROR - Timeout waiting for price selector. Page layout might have changed or bot detection triggered.
2025-11-30 02:58:45,239 - INFO - Sleeping for 50 seconds...
2025-11-30 02:59:35,590 - INFO - Checking URL: https://webscraper.io/test-sites/e-commerce/allinone/product/553
2025-11-30 02:59:52,133 - ERROR - Timeout waiting for price selector. Page layout might have changed or bot detection triggered.
2025-11-30 02:59:52,160 - INFO - Sleeping for 58 seconds...
2025-11-30 03:00:50,553 - INFO - Checking URL: https://webscraper.io/test-sites/e-commerce/allinone/product/553
2025-11-30 03:01:06,925 - ERROR - Timeout waiting for price selector. Page layout might have changed or bot detection triggered.
2025-11-30 03:01:06,954 - INFO - Sleeping for 53 seconds...
2025-11-30 03:02:00,395 - INFO - Checking URL: https://webscraper.io/test-sites/e-commerce/allinone/product/553
2025-11-30 03:02:16,952 - ERROR - Timeout waiting for price selector. Page layout might have changed or bot detection triggered.
2025-11-30 03:02:16,981 - INFO - Sleeping for 48 seconds...
2025-11-30 03:03:05,360 - INFO - Checking URL: https://webscraper.io/test-sites/e-commerce/allinone/product/553
2025-11-30 03:03:22,700 - ERROR - Timeout waiting for price selector. Page layout might have changed or bot detection triggered.
2025-11-30 03:03:22,728 - INFO - Sleeping for 57 seconds...
2025-11-30 03:04:20,137 - INFO - Checking URL: https://webscraper.io/test-sites/e-commerce/allinone/product/553
2025-11-30 03:04:36,971 - ERROR - Timeout waiting for price selector. Page layout might have changed or bot detection triggered.
2025-11-30 03:04:37,000 - INFO - Sleeping for 30 seconds...
2025-11-30 03:05:07,386 - INFO - Checking URL: https://webscraper.io/test-sites/e-commerce/allinone/product/553
2025-11-30 03:05:23,977 - ERROR - Timeout waiting for price selector. Page layout might have changed or bot detection triggered.
2025-11-30 03:05:24,006 - INFO - Sleeping for 56 seconds...
2025-11-30 03:06:20,353 - INFO - Checking URL: https://webscraper.io/test-sites/e-commerce/allinone/product/553
2025-11-30 03:06:36,555 - ERROR - Timeout waiting for price selector. Page layout might have changed or bot detection triggered.
2025-11-30 03:06:36,582 - INFO - Sleeping for 42 seconds...
2025-11-30 03:07:18,965 - INFO - Checking URL: https://webscraper.io/test-sites/e-commerce/allinone/product/553
2025-11-30 03:07:35,629 - ERROR - Timeout waiting for price selector. Page layout might have changed or bot detection triggered.
2025-11-30 03:07:35,656 - INFO - Sleeping for 31 seconds...
2025-11-30 03:08:07,019 - INFO - Checking URL: https://webscraper.io/test-sites/e-commerce/allinone/product/553
2025-11-30 03:08:23,638 - ERROR - Timeout waiting for price selector. Page layout might have changed or bot detection triggered.
2025-11-30 03:08:23,666 - INFO - Sleeping for 32 seconds...
2025-11-30 03:08:56,068 - INFO - Checking URL: https://webscraper.io/test-sites/e-commerce/allinone/product/553
2025-11-30 03:09:12,324 - ERROR - Timeout waiting for price selector. Page layout might have changed or bot detection triggered.
2025-11-30 03:09:12,352 - INFO - Sleeping for 33 seconds...
2025-11-30 03:09:45,755 - INFO - Checking URL: https://webscraper.io/test-sites/e-commerce/allinone/product/553
2025-11-30 03:10:02,350 - ERROR - Timeout waiting for price selector. Page layout might have changed or bot detection triggered.
2025-11-30 03:10:02,395 - INFO - Sleeping for 51 seconds...
2025-11-30 03:10:53,786 - INFO - Checking URL: https://webscraper.io/test-sites/e-commerce/allinone/product/553
2025-11-30 03:11:10,065 - ERROR - Timeout waiting for price selector. Page layout might have changed or bot detection triggered.
2025-11-30 03:11:10,093 - INFO - Sleeping for 56 seconds...
2025-11-30 03:12:06,458 - INFO - Checking URL: https://webscraper.io/test-sites/e-commerce/allinone/product/553
2025-11-30 03:12:22,804 - ERROR - Timeout waiting for price selector. Page layout might have changed or bot detection triggered.
2025-11-30 03:12:22,830 - INFO - Sleeping for 53 seconds...
2025-11-30 03:13:16,224 - INFO - Checking URL: https://webscraper.io/test-sites/e-commerce/allinone/product/553
2025-11-30 03:13:32,859 - ERROR - Timeout waiting for price selector. Page layout might have changed or bot detection triggered.
2025-11-30 03:13:32,887 - INFO - Sleeping for 39 seconds...
2025-11-30 03:14:12,274 - INFO - Checking URL: https://webscraper.io/test-sites/e-commerce/allinone/product/553
2025-11-30 03:14:29,220 - ERROR - Timeout waiting for price selector. Page layout might have changed or bot detection triggered.
2025-11-30 03:14:29,251 - INFO - Sleeping for 46 seconds...
2025-11-30 03:15:15,624 - INFO - Checking URL: https://webscraper.io/test-sites/e-commerce/allinone/product/553
2025-11-30 03:15:32,215 - ERROR - Timeout waiting for price selector. Page layout might have changed or bot detection triggered.
2025-11-30 03:15:32,243 - INFO - Sleeping for 56 seconds...
2025-11-30 03:16:28,632 - INFO - Checking URL: https://webscraper.io/test-sites/e-commerce/allinone/product/553
2025-11-30 03:16:45,403 - ERROR - Timeout waiting for price selector. Page layout might have changed or bot detection triggered.
2025-11-30 03:16:45,431 - INFO - Sleeping for 54 seconds...
2025-11-30 03:17:39,841 - INFO - Checking URL: https://webscraper.io/test-sites/e-commerce/allinone/product/553
2025-11-30 03:17:56,468 - ERROR - Timeout waiting for price selector. Page layout might have changed or bot detection triggered.
2025-11-30 03:17:56,497 - INFO - Sleeping for 35 seconds...
2025-11-30 03:18:31,879 - INFO - Checking URL: https://webscraper.io/test-sites/e-commerce/allinone/product/553
2025-11-30 03:18:48,931 - ERROR - Timeout waiting for price selector. Page layout might have changed or bot detection triggered.
2025-11-30 03:18:48,960 - INFO - Sleeping for 57 seconds...
2025-11-30 03:19:46,373 - INFO - Checking URL: https://webscraper.io/test-sites/e-commerce/allinone/product/553
2025-11-30 03:20:03,489 - ERROR - Timeout waiting for price selector. Page layout might have changed or bot detection triggered.
2025-11-30 03:20:03,516 - INFO - Sleeping for 59 seconds...
2025-11-30 03:21:02,923 - INFO - Checking URL: https://webscraper.io/test-sites/e-commerce/allinone/product/553
2025-11-30 03:21:19,667 - ERROR - Timeout waiting for price selector. Page layout might have changed or bot detection triggered.
2025-11-30 03:21:19,695 - INFO - Sleeping for 50 seconds...
2025-11-30 03:22:10,080 - INFO - Checking URL: https://webscraper.io/test-sites/e-commerce/allinone/product/553
2025-11-30 03:22:26,352 - ERROR - Timeout waiting for price selector. Page layout might have changed or bot detection triggered.
2025-11-30 03:22:26,377 - INFO - Sleeping for 55 seconds...
2025-11-30 03:23:21,787 - INFO - Checking URL: https://webscraper.io/test-sites/e-commerce/allinone/product/553
2025-11-30 03:23:38,467 - ERROR - Timeout waiting for price selector. Page layout might have changed or bot detection triggered.
2025-11-30 03:23:38,495 - INFO - Sleeping for 52 seconds...
2025-11-30 03:24:30,892 - INFO - Checking URL: https://webscraper.io/test-sites/e-commerce/allinone/product/553
2025-11-30 03:24:47,948 - ERROR - Timeout waiting for price selector. Page layout might have changed or bot detection triggered.
2025-11-30 03:24:47,977 - INFO - Sleeping for 50 seconds...
2025-11-30 03:25:38,379 - INFO - Checking URL: https://webscraper.io/test-sites/e-commerce/allinone/product/553
2025-11-30 03:25:55,242 - ERROR - Timeout waiting for price selector. Page layout might have changed or bot detection triggered.
2025-11-30 03:25:55,271 - INFO - Sleeping for 46 seconds...
2025-11-30 03:26:41,684 - INFO - Checking URL: https://webscraper.io/test-sites/e-commerce/allinone/product/553
2025-11-30 03:26:58,694 - ERROR - Timeout waiting for price selector. Page layout might have changed or bot detection triggered.
2025-11-30 03:26:58,723 - INFO - Sleeping for 30 seconds...
2025-11-30 03:27:29,123 - INFO - Checking URL: https://webscraper.io/test-sites/e-commerce/allinone/product/553
2025-11-30 03:27:46,063 - ERROR - Timeout waiting for price selector. Page layout might have changed or bot detection triggered.
2025-11-30 03:27:46,093 - INFO - Sleeping for 44 seconds...
2025-11-30 03:28:30,489 - INFO - Checking URL: https://webscraper.io/test-sites/e-commerce/allinone/product/553
2025-11-30 03:28:47,046 - ERROR - Timeout waiting for price selector. Page layout might have changed or bot detection triggered.
2025-11-30 03:28:47,077 - INFO - Sleeping for 58 seconds...
2025-11-30 03:29:45,472 - INFO - Checking URL: https://webscraper.io/test-sites/e-commerce/allinone/product/553
2025-11-30 03:30:02,697 - ERROR - Timeout waiting for price selector. Page layout might have changed or bot detection triggered.
2025-11-30 03:30:02,729 - INFO - Sleeping for 34 seconds...
2025-11-30 03:30:37,109 - INFO - Checking URL: https://webscraper.io/test-sites/e-commerce/allinone/product/553
2025-11-30 03:30:53,802 - ERROR - Timeout waiting for price selector. Page layout might have changed or bot detection triggered.
2025-11-30 03:30:53,832 - INFO - Sleeping for 42 seconds...
2025-11-30 03:31:36,227 - INFO - Checking URL: https://webscraper.io/test-sites/e-commerce/allinone/product/553
2025-11-30 03:31:53,162 - ERROR - Timeout waiting for price selector. Page layout might have changed or bot detection triggered.
2025-11-30 03:31:53,195 - INFO - Sleeping for 49 seconds...
2025-11-30 03:32:42,560 - INFO - Checking URL: https://webscraper.io/test-sites/e-commerce/allinone/product/553
2025-11-30 03:32:59,159 - ERROR - Timeout waiting for price selector. Page layout might have changed or bot detection triggered.
2025-11-30 03:32:59,186 - INFO - Sleeping for 33 seconds...
2025-11-30 03:33:32,536 - INFO - Checking URL: https://webscraper.io/test-sites/e-commerce/allinone/product/553
2025-11-30 03:33:48,895 - ERROR - Timeout waiting for price selector. Page layout might have changed or bot detection triggered.
2025-11-30 03:33:48,925 - INFO - Sleeping for 37 seconds...
2025-11-30 03:34:26,300 - INFO - Checking URL: https://webscraper.io/test-sites/e-commerce/allinone/product/553
2025-11-30 03:34:42,485 - ERROR - Timeout waiting for price selector. Page layout might have changed or bot detection triggered.
2025-11-30 03:34:42,517 - INFO - Sleeping for 35 seconds...
2025-11-30 03:35:17,891 - INFO - Checking URL: https://webscraper.io/test-sites/e-commerce/allinone/product/553
2025-11-30 03:35:34,947 - ERROR - Timeout waiting for price selector. Page layout might have changed or bot detection triggered.
2025-11-30 03:35:34,974 - INFO - Sleeping for 52 seconds...
2025-11-30 03:36:27,349 - INFO - Checking URL: https://webscraper.io/test-sites/e-commerce/allinone/product/553
2025-11-30 03:36:43,622 - ERROR - Timeout waiting for price selector. Page layout might have changed or bot detection triggered.
2025-11-30 03:36:43,652 - INFO - Sleeping for 31 seconds...
2025-11-30 03:37:15,093 - INFO - Checking URL: https://webscraper.io/test-sites/e-commerce/allinone/product/553
2025-11-30 03:37:32,423 - ERROR - Timeout waiting for price selector. Page layout might have changed or bot detection triggered.
2025-11-30 03:37:32,456 - INFO - Sleeping for 41 seconds...
2025-11-30 03:38:13,884 - INFO - Checking URL: https://webscraper.io/test-sites/e-commerce/allinone/product/553
2025-11-30 03:38:30,843 - ERROR - Timeout waiting for price selector. Page layout might have changed or bot detection triggered.
2025-11-30 03:38:30,878 - INFO - Sleeping for 57 seconds...
2025-11-30 03:39:28,293 - INFO - Checking URL: https://webscraper.io/test-sites/e-commerce/allinone/product/553
2025-11-30 03:39:44,664 - ERROR - Timeout waiting for price selector. Page layout might have changed or bot detection triggered.
2025-11-30 03:39:44,693 - INFO - Sleeping for 57 seconds...
2025-11-30 03:40:42,135 - INFO - Checking URL: https://webscraper.io/test-sites/e-commerce/allinone/product/553
2025-11-30 03:40:59,319 - ERROR - Timeout waiting for price selector. Page layout might have changed or bot detection triggered.
2025-11-30 03:40:59,351 - INFO - Sleeping for 54 seconds...
2025-11-30 03:41:53,764 - INFO - Checking URL: https://webscraper.io/test-sites/e-commerce/allinone/product/553
2025-11-30 03:42:10,709 - ERROR - Timeout waiting for price selector. Page layout might have changed or bot detection triggered.
2025-11-30 03:42:10,738 - INFO - Sleeping for 54 seconds...
2025-11-30 03:43:05,125 - INFO - Checking URL: https://webscraper.io/test-sites/e-commerce/allinone/product/553
2025-11-30 03:43:21,885 - ERROR - Timeout waiting for price selector. Page layout might have changed or bot detection triggered.
2025-11-30 03:43:21,911 - INFO - Sleeping for 48 seconds...
2025-11-30 03:44:10,311 - INFO - Checking URL: https://webscraper.io/test-sites/e-commerce/allinone/product/553
2025-11-30 03:44:27,353 - ERROR - Timeout waiting for price selector. Page layout might have changed or bot detection triggered.
2025-11-30 03:44:27,386 - INFO - Sleeping for 42 seconds...
2025-11-30 03:45:09,784 - INFO - Checking URL: https://webscraper.io/test-sites/e-commerce/allinone/product/553
2025-11-30 03:45:26,008 - ERROR - Timeout waiting for price selector. Page layout might have changed or bot detection triggered.
2025-11-30 03:45:26,039 - INFO - Sleeping for 39 seconds...
2025-11-30 03:46:05,435 - INFO - Checking URL: https://webscraper.io/test-sites/e-commerce/allinone/product/553
2025-11-30 03:46:22,195 - ERROR - Timeout waiting for price selector. Page layout might have changed or bot detection triggered.
2025-11-30 03:46:22,226 - INFO - Sleeping for 60 seconds...
2025-11-30 03:47:22,609 - INFO - Checking URL: https://webscraper.io/test-sites/e-commerce/allinone/product/553
2025-11-30 03:47:39,044 - ERROR - Timeout waiting for price selector. Page layout might have changed or bot detection triggered.
2025-11-30 03:47:39,074 - INFO - Sleeping for 45 seconds...
2025-11-30 03:48:24,476 - INFO - Checking URL: https://webscraper.io/test-sites/e-commerce/allinone/product/553
2025-11-30 03:48:41,316 - ERROR - Timeout waiting for price selector. Page layout might have changed or bot detection triggered.
2025-11-30 03:48:41,348 - INFO - Sleeping for 42 seconds...
2025-11-30 03:49:23,761 - INFO - Checking URL: https://webscraper.io/test-sites/e-commerce/allinone/product/553
2025-11-30 03:49:40,670 - ERROR - Timeout waiting for price selector. Page layout might have changed or bot detection triggered.
2025-11-30 03:49:40,703 - INFO - Sleeping for 42 seconds...
2025-11-30 03:50:23,150 - INFO - Checking URL: https://webscraper.io/test-sites/e-commerce/allinone/product/553
2025-11-30 03:50:39,636 - ERROR - Timeout waiting for price selector. Page layout might have changed or bot detection triggered.
2025-11-30 03:50:39,665 - INFO - Sleeping for 40 seconds...
2025-11-30 03:51:20,084 - INFO - Checking URL: https://webscraper.io/test-sites/e-commerce/allinone/product/553
2025-11-30 03:51:37,390 - ERROR - Timeout waiting for price selector. Page layout might have changed or bot detection triggered.
2025-11-30 03:51:37,422 - INFO - Sleeping for 37 seconds...
2025-11-30 03:52:14,838 - INFO - Checking URL: https://webscraper.io/test-sites/e-commerce/allinone/product/553
2025-11-30 03:52:31,412 - ERROR - Timeout waiting for price selector. Page layout might have changed or bot detection triggered.
2025-11-30 03:52:31,443 - INFO - Sleeping for 56 seconds...
2025-11-30 03:53:27,880 - INFO - Checking URL: https://webscraper.io/test-sites/e-commerce/allinone/product/553
2025-11-30 03:53:44,052 - ERROR - Timeout waiting for price selector. Page layout might have changed or bot detection triggered.
2025-11-30 03:53:44,088 - INFO - Sleeping for 58 seconds...
2025-11-30 03:54:42,501 - INFO - Checking URL: https://webscraper.io/test-sites/e-commerce/allinone/product/553
2025-11-30 03:54:59,208 - ERROR - Timeout waiting for price selector. Page layout might have changed or bot detection triggered.
2025-11-30 03:54:59,241 - INFO - Sleeping for 38 seconds...
2025-11-30 03:55:37,626 - INFO - Checking URL: https://webscraper.io/test-sites/e-commerce/allinone/product/553
2025-11-30 03:55:54,023 - ERROR - Timeout waiting for price selector. Page layout might have changed or bot detection triggered.
2025-11-30 03:55:54,053 - INFO - Sleeping for 37 seconds...
2025-11-30 03:56:31,445 - INFO - Checking URL: https://webscraper.io/test-sites/e-commerce/allinone/product/553
2025-11-30 03:56:48,209 - ERROR - Timeout waiting for price selector. Page layout might have changed or bot detection triggered.
2025-11-30 03:56:48,240 - INFO - Sleeping for 57 seconds...
2025-11-30 03:57:45,692 - INFO - Checking URL: https://webscraper.io/test-sites/e-commerce/allinone/product/553
2025-11-30 03:58:02,087 - ERROR - Timeout waiting for price selector. Page layout might have changed or bot detection triggered.
2025-11-30 03:58:02,119 - INFO - Sleeping for 32 seconds...
2025-11-30 03:58:34,521 - INFO - Checking URL: https://webscraper.io/test-sites/e-commerce/allinone/product/553
2025-11-30 03:58:50,914 - ERROR - Timeout waiting for price selector. Page layout might have changed or bot detection triggered.
2025-11-30 03:58:50,946 - INFO - Sleeping for 34 seconds...
2025-11-30 03:59:25,360 - INFO - Checking URL: https://webscraper.io/test-sites/e-commerce/allinone/product/553
2025-11-30 03:59:42,385 - ERROR - Timeout waiting for price selector. Page layout might have changed or bot detection triggered.
2025-11-30 03:59:42,417 - INFO - Sleeping for 44 seconds...
2025-11-30 04:00:26,790 - INFO - Checking URL: https://webscraper.io/test-sites/e-commerce/allinone/product/553
2025-11-30 04:00:43,776 - ERROR - Timeout waiting for price selector. Page layout might have changed or bot detection triggered.
2025-11-30 04:00:43,808 - INFO - Sleeping for 60 seconds...
2025-11-30 04:01:44,201 - INFO - Checking URL: https://webscraper.io/test-sites/e-commerce/allinone/product/553
2025-11-30 04:02:01,310 - ERROR - Timeout waiting for price selector. Page layout might have changed or bot detection triggered.
2025-11-30 04:02:01,339 - INFO - Sleeping for 43 seconds...
2025-11-30 04:02:44,723 - INFO - Checking URL: https://webscraper.io/test-sites/e-commerce/allinone/product/553
2025-11-30 04:03:01,809 - ERROR - Timeout waiting for price selector. Page layout might have changed or bot detection triggered.
2025-11-30 04:03:01,836 - INFO - Sleeping for 57 seconds...
2025-11-30 04:03:59,233 - INFO - Checking URL: https://webscraper.io/test-sites/e-commerce/allinone/product/553
2025-11-30 04:04:16,207 - ERROR - Timeout waiting for price selector. Page layout might have changed or bot detection triggered.
2025-11-30 04:04:16,232 - INFO - Sleeping for 37 seconds...
2025-11-30 04:04:53,598 - INFO - Checking URL: https://webscraper.io/test-sites/e-commerce/allinone/product/553
2025-11-30 04:05:10,424 - ERROR - Timeout waiting for price selector. Page layout might have changed or bot detection triggered.
2025-11-30 04:05:10,461 - INFO - Sleeping for 56 seconds...
2025-11-30 04:06:06,825 - INFO - Checking URL: https://webscraper.io/test-sites/e-commerce/allinone/product/553
2025-11-30 04:06:23,679 - ERROR - Timeout waiting for price selector. Page layout might have changed or bot detection triggered.
2025-11-30 04:06:23,713 - INFO - Sleeping for 54 seconds...
2025-11-30 04:07:18,084 - INFO - Checking URL: https://webscraper.io/test-sites/e-commerce/allinone/product/553
2025-11-30 04:07:34,766 - ERROR - Timeout waiting for price selector. Page layout might have changed or bot detection triggered.
2025-11-30 04:07:34,794 - INFO - Sleeping for 43 seconds...
2025-11-30 04:08:18,173 - INFO - Checking URL: https://webscraper.io/test-sites/e-commerce/allinone/product/553
2025-11-30 04:08:35,191 - ERROR - Timeout waiting for price selector. Page layout might have changed or bot detection triggered.
2025-11-30 04:08:35,222 - INFO - Sleeping for 54 seconds...
2025-11-30 04:09:29,600 - INFO - Checking URL: https://webscraper.io/test-sites/e-commerce/allinone/product/553
2025-11-30 04:09:46,007 - ERROR - Timeout waiting for price selector. Page layout might have changed or bot detection triggered.
2025-11-30 04:09:46,036 - INFO - Sleeping for 56 seconds...
2025-11-30 04:10:42,435 - INFO - Checking URL: https://webscraper.io/test-sites/e-commerce/allinone/product/553
2025-11-30 04:10:59,376 - ERROR - Timeout waiting for price selector. Page layout might have changed or bot detection triggered.
2025-11-30 04:10:59,405 - INFO - Sleeping for 53 seconds...
2025-11-30 04:11:52,780 - INFO - Checking URL: https://webscraper.io/test-sites/e-commerce/allinone/product/553
2025-11-30 04:12:09,060 - ERROR - Timeout waiting for price selector. Page layout might have changed or bot detection triggered.
2025-11-30 04:12:09,089 - INFO - Sleeping for 57 seconds...
2025-11-30 04:13:06,466 - INFO - Checking URL: https://webscraper.io/test-sites/e-commerce/allinone/product/553
2025-11-30 04:13:22,967 - ERROR - Timeout waiting for price selector. Page layout might have changed or bot detection triggered.
2025-11-30 04:13:22,999 - INFO - Sleeping for 47 seconds...
2025-11-30 04:14:10,370 - INFO - Checking URL: https://webscraper.io/test-sites/e-commerce/allinone/product/553
2025-11-30 04:14:26,627 - ERROR - Timeout waiting for price selector. Page layout might have changed or bot detection triggered.
2025-11-30 04:14:26,661 - INFO - Sleeping for 32 seconds...
2025-11-30 04:14:59,001 - INFO - Checking URL: https://webscraper.io/test-sites/e-commerce/allinone/product/553
2025-11-30 04:15:15,873 - ERROR - Timeout waiting for price selector. Page layout might have changed or bot detection triggered.
2025-11-30 04:15:15,904 - INFO - Sleeping for 40 seconds...
2025-11-30 04:15:56,262 - INFO - Checking URL: https://webscraper.io/test-sites/e-commerce/allinone/product/553
2025-11-30 04:16:12,687 - ERROR - Timeout waiting for price selector. Page layout might have changed or bot detection triggered.
2025-11-30 04:16:12,716 - INFO - Sleeping for 54 seconds...
2025-11-30 04:17:07,095 - INFO - Checking URL: https://webscraper.io/test-sites/e-commerce/allinone/product/553
2025-11-30 04:17:24,121 - ERROR - Timeout waiting for price selector. Page layout might have changed or bot detection triggered.
2025-11-30 04:17:24,155 - INFO - Sleeping for 30 seconds...
2025-11-30 04:17:54,502 - INFO - Checking URL: https://webscraper.io/test-sites/e-commerce/allinone/product/553
2025-11-30 04:18:11,625 - ERROR - Timeout waiting for price selector. Page layout might have changed or bot detection triggered.
2025-11-30 04:18:11,657 - INFO - Sleeping for 35 seconds...
2025-11-30 04:18:47,052 - INFO - Checking URL: https://webscraper.io/test-sites/e-commerce/allinone/product/553
2025-11-30 04:19:03,586 - ERROR - Timeout waiting for price selector. Page layout might have changed or bot detection triggered.
2025-11-30 04:19:03,614 - INFO - Sleeping for 54 seconds...
2025-11-30 04:19:57,980 - INFO - Checking URL: https://webscraper.io/test-sites/e-commerce/allinone/product/553
2025-11-30 04:20:14,489 - ERROR - Timeout waiting for price selector. Page layout might have changed or bot detection triggered.
2025-11-30 04:20:14,519 - INFO - Sleeping for 40 seconds...
2025-11-30 04:20:54,903 - INFO - Checking URL: https://webscraper.io/test-sites/e-commerce/allinone/product/553
2025-11-30 04:21:11,127 - ERROR - Timeout waiting for price selector. Page layout might have changed or bot detection triggered.
2025-11-30 04:21:11,157 - INFO - Sleeping for 51 seconds...
2025-11-30 04:22:02,563 - INFO - Checking URL: https://webscraper.io/test-sites/e-commerce/allinone/product/553
2025-11-30 04:22:19,696 - ERROR - Timeout waiting for price selector. Page layout might have changed or bot detection triggered.
2025-11-30 04:22:19,723 - INFO - Sleeping for 50 seconds...
2025-11-30 04:23:10,107 - INFO - Checking URL: https://webscraper.io/test-sites/e-commerce/allinone/product/553
2025-11-30 04:23:26,947 - ERROR - Timeout waiting for price selector. Page layout might have changed or bot detection triggered.
2025-11-30 04:23:26,981 - INFO - Sleeping for 31 seconds...
2025-11-30 04:23:58,328 - INFO - Checking URL: https://webscraper.io/test-sites/e-commerce/allinone/product/553
2025-11-30 04:24:15,480 - ERROR - Timeout waiting for price selector. Page layout might have changed or bot detection triggered.
2025-11-30 04:24:15,506 - INFO - Sleeping for 59 seconds...
2025-11-30 04:25:14,895 - INFO - Checking URL: https://webscraper.io/test-sites/e-commerce/allinone/product/553
2025-11-30 04:25:31,245 - ERROR - Timeout waiting for price selector. Page layout might have changed or bot detection triggered.
2025-11-30 04:25:31,280 - INFO - Sleeping for 43 seconds...
2025-11-30 04:26:14,631 - INFO - Checking URL: https://webscraper.io/test-sites/e-commerce/allinone/product/553
2025-11-30 04:26:30,921 - ERROR - Timeout waiting for price selector. Page layout might have changed or bot detection triggered.
2025-11-30 04:26:30,950 - INFO - Sleeping for 41 seconds...
2025-11-30 04:27:12,335 - INFO - Checking URL: https://webscraper.io/test-sites/e-commerce/allinone/product/553
2025-11-30 04:27:29,237 - ERROR - Timeout waiting for price selector. Page layout might have changed or bot detection triggered.
2025-11-30 04:27:29,270 - INFO - Sleeping for 58 seconds...
2025-11-30 04:28:27,662 - INFO - Checking URL: https://webscraper.io/test-sites/e-commerce/allinone/product/553
2025-11-30 04:28:43,852 - ERROR - Timeout waiting for price selector. Page layout might have changed or bot detection triggered.
2025-11-30 04:28:43,888 - INFO - Sleeping for 52 seconds...
2025-11-30 04:29:36,268 - INFO - Checking URL: https://webscraper.io/test-sites/e-commerce/allinone/product/553
2025-11-30 04:29:52,939 - ERROR - Timeout waiting for price selector. Page layout might have changed or bot detection triggered.
2025-11-30 04:29:52,967 - INFO - Sleeping for 41 seconds...
2025-11-30 04:30:34,337 - INFO - Checking URL: https://webscraper.io/test-sites/e-commerce/allinone/product/553
2025-11-30 04:30:50,708 - ERROR - Timeout waiting for price selector. Page layout might have changed or bot detection triggered.
2025-11-30 04:30:50,737 - INFO - Sleeping for 50 seconds...
2025-11-30 04:31:41,116 - INFO - Checking URL: https://webscraper.io/test-sites/e-commerce/allinone/product/553
2025-11-30 04:31:57,803 - ERROR - Timeout waiting for price selector. Page layout might have changed or bot detection triggered.
2025-11-30 04:31:57,831 - INFO - Sleeping for 50 seconds...
2025-11-30 04:32:48,203 - INFO - Checking URL: https://webscraper.io/test-sites/e-commerce/allinone/product/553
2025-11-30 04:33:04,947 - ERROR - Timeout waiting for price selector. Page layout might have changed or bot detection triggered.
2025-11-30 04:33:04,975 - INFO - Sleeping for 32 seconds...
2025-11-30 04:33:37,330 - INFO - Checking URL: https://webscraper.io/test-sites/e-commerce/allinone/product/553
2025-11-30 04:33:54,133 - ERROR - Timeout waiting for price selector. Page layout might have changed or bot detection triggered.
2025-11-30 04:33:54,161 - INFO - Sleeping for 34 seconds...
2025-11-30 04:34:28,522 - INFO - Checking URL: https://webscraper.io/test-sites/e-commerce/allinone/product/553
2025-11-30 04:34:44,801 - ERROR - Timeout waiting for price selector. Page layout might have changed or bot detection triggered.
2025-11-30 04:34:44,837 - INFO - Sleeping for 44 seconds...
2025-11-30 04:35:29,236 - INFO - Checking URL: https://webscraper.io/test-sites/e-commerce/allinone/product/553
2025-11-30 04:35:46,644 - ERROR - Timeout waiting for price selector. Page layout might have changed or bot detection triggered.
2025-11-30 04:35:46,677 - INFO - Sleeping for 49 seconds...
2025-11-30 04:36:36,000 - INFO - Checking URL: https://webscraper.io/test-sites/e-commerce/allinone/product/553
2025-11-30 04:36:52,793 - ERROR - Timeout waiting for price selector. Page layout might have changed or bot detection triggered.
2025-11-30 04:36:52,823 - INFO - Sleeping for 43 seconds...
2025-11-30 04:37:36,145 - INFO - Checking URL: https://webscraper.io/test-sites/e-commerce/allinone/product/553
2025-11-30 04:37:52,872 - ERROR - Timeout waiting for price selector. Page layout might have changed or bot detection triggered.
2025-11-30 04:37:52,906 - INFO - Sleeping for 47 seconds...
2025-11-30 04:38:40,234 - INFO - Checking URL: https://webscraper.io/test-sites/e-commerce/allinone/product/553
2025-11-30 04:38:56,962 - ERROR - Timeout waiting for price selector. Page layout might have changed or bot detection triggered.
2025-11-30 04:38:56,994 - INFO - Sleeping for 56 seconds...
2025-11-30 04:39:53,368 - INFO - Checking URL: https://webscraper.io/test-sites/e-commerce/allinone/product/553
2025-11-30 04:40:10,491 - ERROR - Timeout waiting for price selector. Page layout might have changed or bot detection triggered.
2025-11-30 04:40:10,522 - INFO - Sleeping for 53 seconds...
2025-11-30 04:41:03,902 - INFO - Checking URL: https://webscraper.io/test-sites/e-commerce/allinone/product/553
2025-11-30 04:41:20,759 - ERROR - Timeout waiting for price selector. Page layout might have changed or bot detection triggered.
2025-11-30 04:41:20,789 - INFO - Sleeping for 39 seconds...
2025-11-30 04:42:00,174 - INFO - Checking URL: https://webscraper.io/test-sites/e-commerce/allinone/product/553
2025-11-30 04:42:16,791 - ERROR - Timeout waiting for price selector. Page layout might have changed or bot detection triggered.
2025-11-30 04:42:16,819 - INFO - Sleeping for 48 seconds...
2025-11-30 04:43:05,215 - INFO - Checking URL: https://webscraper.io/test-sites/e-commerce/allinone/product/553
2025-11-30 04:43:22,150 - ERROR - Timeout waiting for price selector. Page layout might have changed or bot detection triggered.
2025-11-30 04:43:22,178 - INFO - Sleeping for 58 seconds...
2025-11-30 04:44:20,508 - INFO - Checking URL: https://webscraper.io/test-sites/e-commerce/allinone/product/553
2025-11-30 04:44:36,701 - ERROR - Timeout waiting for price selector. Page layout might have changed or bot detection triggered.
2025-11-30 04:44:36,730 - INFO - Sleeping for 39 seconds...
2025-11-30 04:45:16,103 - INFO - Checking URL: https://webscraper.io/test-sites/e-commerce/allinone/product/553
2025-11-30 04:45:32,644 - ERROR - Timeout waiting for price selector. Page layout might have changed or bot detection triggered.
2025-11-30 04:45:32,673 - INFO - Sleeping for 39 seconds...
2025-11-30 04:46:12,023 - INFO - Checking URL: https://webscraper.io/test-sites/e-commerce/allinone/product/553
2025-11-30 04:46:28,619 - ERROR - Timeout waiting for price selector. Page layout might have changed or bot detection triggered.
2025-11-30 04:46:28,657 - INFO - Sleeping for 36 seconds...
2025-11-30 04:47:04,995 - INFO - Checking URL: https://webscraper.io/test-sites/e-commerce/allinone/product/553
2025-11-30 04:47:22,182 - ERROR - Timeout waiting for price selector. Page layout might have changed or bot detection triggered.
2025-11-30 04:47:22,210 - INFO - Sleeping for 36 seconds...
2025-11-30 04:47:58,575 - INFO - Checking URL: https://webscraper.io/test-sites/e-commerce/allinone/product/553
2025-11-30 04:48:14,817 - ERROR - Timeout waiting for price selector. Page layout might have changed or bot detection triggered.
2025-11-30 04:48:14,846 - INFO - Sleeping for 39 seconds...
2025-11-30 04:48:54,213 - INFO - Checking URL: https://webscraper.io/test-sites/e-commerce/allinone/product/553
2025-11-30 04:49:11,317 - ERROR - Timeout waiting for price selector. Page layout might have changed or bot detection triggered.
2025-11-30 04:49:11,354 - INFO - Sleeping for 30 seconds...
2025-11-30 04:49:41,749 - INFO - Checking URL: https://webscraper.io/test-sites/e-commerce/allinone/product/553
2025-11-30 04:49:58,235 - ERROR - Timeout waiting for price selector. Page layout might have changed or bot detection triggered.
2025-11-30 04:49:58,263 - INFO - Sleeping for 53 seconds...
2025-11-30 04:50:51,648 - INFO - Checking URL: https://webscraper.io/test-sites/e-commerce/allinone/product/553
2025-11-30 04:51:07,855 - ERROR - Timeout waiting for price selector. Page layout might have changed or bot detection triggered.
2025-11-30 04:51:07,885 - INFO - Sleeping for 40 seconds...
2025-11-30 04:51:48,253 - INFO - Checking URL: https://webscraper.io/test-sites/e-commerce/allinone/product/553
2025-11-30 04:52:05,466 - ERROR - Timeout waiting for price selector. Page layout might have changed or bot detection triggered.
2025-11-30 04:52:05,495 - INFO - Sleeping for 37 seconds...
2025-11-30 04:52:42,848 - INFO - Checking URL: https://webscraper.io/test-sites/e-commerce/allinone/product/553
2025-11-30 04:52:59,380 - ERROR - Timeout waiting for price selector. Page layout might have changed or bot detection triggered.
2025-11-30 04:52:59,407 - INFO - Sleeping for 36 seconds...
2025-11-30 04:53:35,791 - INFO - Checking URL: https://webscraper.io/test-sites/e-commerce/allinone/product/553
2025-11-30 04:53:51,986 - ERROR - Timeout waiting for price selector. Page layout might have changed or bot detection triggered.
2025-11-30 04:53:52,016 - INFO - Sleeping for 36 seconds...
2025-11-30 04:54:28,388 - INFO - Checking URL: https://webscraper.io/test-sites/e-commerce/allinone/product/553
2025-11-30 04:54:45,095 - ERROR - Timeout waiting for price selector. Page layout might have changed or bot detection triggered.
2025-11-30 04:54:45,123 - INFO - Sleeping for 60 seconds...
2025-11-30 04:55:45,538 - INFO - Checking URL: https://webscraper.io/test-sites/e-commerce/allinone/product/553
2025-11-30 04:56:01,830 - ERROR - Timeout waiting for price selector. Page layout might have changed or bot detection triggered.
2025-11-30 04:56:01,859 - INFO - Sleeping for 49 seconds...
2025-11-30 04:56:51,228 - INFO - Checking URL: https://webscraper.io/test-sites/e-commerce/allinone/product/553
2025-11-30 04:57:08,136 - ERROR - Timeout waiting for price selector. Page layout might have changed or bot detection triggered.
2025-11-30 04:57:08,170 - INFO - Sleeping for 52 seconds...
2025-11-30 04:58:00,517 - INFO - Checking URL: https://webscraper.io/test-sites/e-commerce/allinone/product/553
2025-11-30 04:58:16,705 - ERROR - Timeout waiting for price selector. Page layout might have changed or bot detection triggered.
2025-11-30 04:58:16,734 - INFO - Sleeping for 37 seconds...
2025-11-30 04:58:54,046 - INFO - Checking URL: https://webscraper.io/test-sites/e-commerce/allinone/product/553
2025-11-30 04:59:10,324 - ERROR - Timeout waiting for price selector. Page layout might have changed or bot detection triggered.
2025-11-30 04:59:10,353 - INFO - Sleeping for 39 seconds...
2025-11-30 04:59:49,708 - INFO - Checking URL: https://webscraper.io/test-sites/e-commerce/allinone/product/553
2025-11-30 05:00:06,864 - ERROR - Timeout waiting for price selector. Page layout might have changed or bot detection triggered.
2025-11-30 05:00:06,892 - INFO - Sleeping for 41 seconds...
2025-11-30 05:00:48,244 - INFO - Checking URL: https://webscraper.io/test-sites/e-commerce/allinone/product/553
2025-11-30 05:01:05,141 - ERROR - Timeout waiting for price selector. Page layout might have changed or bot detection triggered.
2025-11-30 05:01:05,171 - INFO - Sleeping for 49 seconds...
2025-11-30 05:01:54,482 - INFO - Checking URL: https://webscraper.io/test-sites/e-commerce/allinone/product/553
2025-11-30 05:02:11,612 - ERROR - Timeout waiting for price selector. Page layout might have changed or bot detection triggered.
2025-11-30 05:02:11,642 - INFO - Sleeping for 50 seconds...
2025-11-30 05:03:01,964 - INFO - Checking URL: https://webscraper.io/test-sites/e-commerce/allinone/product/553
2025-11-30 05:03:18,826 - ERROR - Timeout waiting for price selector. Page layout might have changed or bot detection triggered.
2025-11-30 05:03:18,854 - INFO - Sleeping for 46 seconds...
2025-11-30 05:04:05,208 - INFO - Checking URL: https://webscraper.io/test-sites/e-commerce/allinone/product/553
2025-11-30 05:04:21,524 - ERROR - Timeout waiting for price selector. Page layout might have changed or bot detection triggered.
2025-11-30 05:04:21,553 - INFO - Sleeping for 45 seconds...
2025-11-30 05:05:06,885 - INFO - Checking URL: https://webscraper.io/test-sites/e-commerce/allinone/product/553
2025-11-30 05:05:23,398 - ERROR - Timeout waiting for price selector. Page layout might have changed or bot detection triggered.
2025-11-30 05:05:23,431 - INFO - Sleeping for 41 seconds...
2025-11-30 05:06:04,748 - INFO - Checking URL: https://webscraper.io/test-sites/e-commerce/allinone/product/553
2025-11-30 05:06:21,787 - ERROR - Timeout waiting for price selector. Page layout might have changed or bot detection triggered.
2025-11-30 05:06:21,822 - INFO - Sleeping for 56 seconds...
2025-11-30 05:07:18,194 - INFO - Checking URL: https://webscraper.io/test-sites/e-commerce/allinone/product/553
2025-11-30 05:07:34,854 - ERROR - Timeout waiting for price selector. Page layout might have changed or bot detection triggered.
2025-11-30 05:07:34,888 - INFO - Sleeping for 38 seconds...
2025-11-30 05:08:13,249 - INFO - Checking URL: https://webscraper.io/test-sites/e-commerce/allinone/product/553
2025-11-30 05:08:30,210 - ERROR - Timeout waiting for price selector. Page layout might have changed or bot detection triggered.
2025-11-30 05:08:30,240 - INFO - Sleeping for 42 seconds...
2025-11-30 05:09:12,562 - INFO - Checking URL: https://webscraper.io/test-sites/e-commerce/allinone/product/553
2025-11-30 05:09:29,628 - ERROR - Timeout waiting for price selector. Page layout might have changed or bot detection triggered.
2025-11-30 05:09:29,662 - INFO - Sleeping for 56 seconds...
2025-11-30 05:10:26,014 - INFO - Checking URL: https://webscraper.io/test-sites/e-commerce/allinone/product/553
2025-11-30 05:10:42,406 - ERROR - Timeout waiting for price selector. Page layout might have changed or bot detection triggered.
2025-11-30 05:10:42,435 - INFO - Sleeping for 48 seconds...
2025-11-30 05:11:30,794 - INFO - Checking URL: https://webscraper.io/test-sites/e-commerce/allinone/product/553
2025-11-30 05:11:47,906 - ERROR - Timeout waiting for price selector. Page layout might have changed or bot detection triggered.
2025-11-30 05:11:47,934 - INFO - Sleeping for 59 seconds...
2025-11-30 05:12:47,325 - INFO - Checking URL: https://webscraper.io/test-sites/e-commerce/allinone/product/553
2025-11-30 05:13:04,345 - ERROR - Timeout waiting for price selector. Page layout might have changed or bot detection triggered.
2025-11-30 05:13:04,372 - INFO - Sleeping for 52 seconds...
2025-11-30 05:13:56,693 - INFO - Checking URL: https://webscraper.io/test-sites/e-commerce/allinone/product/553
2025-11-30 05:14:13,696 - ERROR - Timeout waiting for price selector. Page layout might have changed or bot detection triggered.
2025-11-30 05:14:13,724 - INFO - Sleeping for 57 seconds...
2025-11-30 05:15:11,079 - INFO - Checking URL: https://webscraper.io/test-sites/e-commerce/allinone/product/553
2025-11-30 05:15:27,991 - ERROR - Timeout waiting for price selector. Page layout might have changed or bot detection triggered.
2025-11-30 05:15:28,020 - INFO - Sleeping for 33 seconds...
2025-11-30 05:16:01,481 - INFO - Checking URL: https://webscraper.io/test-sites/e-commerce/allinone/product/553
2025-11-30 05:16:17,691 - ERROR - Timeout waiting for price selector. Page layout might have changed or bot detection triggered.
2025-11-30 05:16:17,719 - INFO - Sleeping for 40 seconds...
2025-11-30 05:16:58,034 - INFO - Checking URL: https://webscraper.io/test-sites/e-commerce/allinone/product/553
2025-11-30 05:17:15,142 - ERROR - Timeout waiting for price selector. Page layout might have changed or bot detection triggered.
2025-11-30 05:17:15,171 - INFO - Sleeping for 55 seconds...
2025-11-30 05:18:10,513 - INFO - Checking URL: https://webscraper.io/test-sites/e-commerce/allinone/product/553
2025-11-30 05:18:27,712 - ERROR - Timeout waiting for price selector. Page layout might have changed or bot detection triggered.
2025-11-30 05:18:27,739 - INFO - Sleeping for 47 seconds...
2025-11-30 05:19:15,074 - INFO - Checking URL: https://webscraper.io/test-sites/e-commerce/allinone/product/553
2025-11-30 05:19:32,017 - ERROR - Timeout waiting for price selector. Page layout might have changed or bot detection triggered.
2025-11-30 05:19:32,050 - INFO - Sleeping for 35 seconds...
2025-11-30 05:20:07,397 - INFO - Checking URL: https://webscraper.io/test-sites/e-commerce/allinone/product/553
2025-11-30 05:20:23,926 - ERROR - Timeout waiting for price selector. Page layout might have changed or bot detection triggered.
2025-11-30 05:20:23,955 - INFO - Sleeping for 54 seconds...
2025-11-30 05:21:18,307 - INFO - Checking URL: https://webscraper.io/test-sites/e-commerce/allinone/product/553
2025-11-30 05:21:34,507 - ERROR - Timeout waiting for price selector. Page layout might have changed or bot detection triggered.
2025-11-30 05:21:34,537 - INFO - Sleeping for 60 seconds...
2025-11-30 05:22:34,922 - INFO - Checking URL: https://webscraper.io/test-sites/e-commerce/allinone/product/553
2025-11-30 05:22:51,765 - ERROR - Timeout waiting for price selector. Page layout might have changed or bot detection triggered.
2025-11-30 05:22:51,796 - INFO - Sleeping for 42 seconds...
2025-11-30 05:23:34,112 - INFO - Checking URL: https://webscraper.io/test-sites/e-commerce/allinone/product/553
2025-11-30 05:23:50,795 - ERROR - Timeout waiting for price selector. Page layout might have changed or bot detection triggered.
2025-11-30 05:23:50,828 - INFO - Sleeping for 55 seconds...
2025-11-30 05:24:46,169 - INFO - Checking URL: https://webscraper.io/test-sites/e-commerce/allinone/product/553
2025-11-30 05:25:02,701 - ERROR - Timeout waiting for price selector. Page layout might have changed or bot detection triggered.
2025-11-30 05:25:02,731 - INFO - Sleeping for 43 seconds...
2025-11-30 05:25:46,096 - INFO - Checking URL: https://webscraper.io/test-sites/e-commerce/allinone/product/553
2025-11-30 05:26:02,711 - ERROR - Timeout waiting for price selector. Page layout might have changed or bot detection triggered.
2025-11-30 05:26:02,740 - INFO - Sleeping for 33 seconds...
2025-11-30 05:26:36,076 - INFO - Checking URL: https://webscraper.io/test-sites/e-commerce/allinone/product/553
2025-11-30 05:26:52,865 - ERROR - Timeout waiting for price selector. Page layout might have changed or bot detection triggered.
2025-11-30 05:26:52,890 - INFO - Sleeping for 59 seconds...
2025-11-30 05:27:52,247 - INFO - Checking URL: https://webscraper.io/test-sites/e-commerce/allinone/product/553
2025-11-30 05:28:08,881 - ERROR - Timeout waiting for price selector. Page layout might have changed or bot detection triggered.
2025-11-30 05:28:08,910 - INFO - Sleeping for 57 seconds...
2025-11-30 05:29:06,266 - INFO - Checking URL: https://webscraper.io/test-sites/e-commerce/allinone/product/553
2025-11-30 05:29:23,232 - ERROR - Timeout waiting for price selector. Page layout might have changed or bot detection triggered.
2025-11-30 05:29:23,266 - INFO - Sleeping for 41 seconds...
2025-11-30 05:30:04,630 - INFO - Checking URL: https://webscraper.io/test-sites/e-commerce/allinone/product/553
2025-11-30 05:30:21,717 - ERROR - Timeout waiting for price selector. Page layout might have changed or bot detection triggered.
2025-11-30 05:30:21,751 - INFO - Sleeping for 51 seconds...
2025-11-30 05:31:13,087 - INFO - Checking URL: https://webscraper.io/test-sites/e-commerce/allinone/product/553
2025-11-30 05:31:29,886 - ERROR - Timeout waiting for price selector. Page layout might have changed or bot detection triggered.
2025-11-30 05:31:29,913 - INFO - Sleeping for 47 seconds...
2025-11-30 05:32:17,255 - INFO - Checking URL: https://webscraper.io/test-sites/e-commerce/allinone/product/553
2025-11-30 05:32:33,990 - ERROR - Timeout waiting for price selector. Page layout might have changed or bot detection triggered.
2025-11-30 05:32:34,020 - INFO - Sleeping for 40 seconds...
2025-11-30 05:33:14,347 - INFO - Checking URL: https://webscraper.io/test-sites/e-commerce/allinone/product/553
2025-11-30 05:33:31,020 - ERROR - Timeout waiting for price selector. Page layout might have changed or bot detection triggered.
2025-11-30 05:33:31,049 - INFO - Sleeping for 41 seconds...
2025-11-30 05:34:12,398 - INFO - Checking URL: https://webscraper.io/test-sites/e-commerce/allinone/product/553
2025-11-30 05:34:29,456 - ERROR - Timeout waiting for price selector. Page layout might have changed or bot detection triggered.
2025-11-30 05:34:29,483 - INFO - Sleeping for 34 seconds...
2025-11-30 05:35:03,816 - INFO - Checking URL: https://webscraper.io/test-sites/e-commerce/allinone/product/553
2025-11-30 05:35:20,966 - ERROR - Timeout waiting for price selector. Page layout might have changed or bot detection triggered.
2025-11-30 05:35:21,001 - INFO - Sleeping for 31 seconds...
2025-11-30 05:35:52,344 - INFO - Checking URL: https://webscraper.io/test-sites/e-commerce/allinone/product/553
2025-11-30 05:36:09,490 - ERROR - Timeout waiting for price selector. Page layout might have changed or bot detection triggered.
2025-11-30 05:36:09,519 - INFO - Sleeping for 33 seconds...
2025-11-30 05:36:42,854 - INFO - Checking URL: https://webscraper.io/test-sites/e-commerce/allinone/product/553
2025-11-30 05:36:59,625 - ERROR - Timeout waiting for price selector. Page layout might have changed or bot detection triggered.
2025-11-30 05:36:59,653 - INFO - Sleeping for 57 seconds...
2025-11-30 05:37:57,029 - INFO - Checking URL: https://webscraper.io/test-sites/e-commerce/allinone/product/553
2025-11-30 05:38:13,233 - ERROR - Timeout waiting for price selector. Page layout might have changed or bot detection triggered.
2025-11-30 05:38:13,262 - INFO - Sleeping for 52 seconds...
2025-11-30 05:39:05,617 - INFO - Checking URL: https://webscraper.io/test-sites/e-commerce/allinone/product/553
2025-11-30 05:39:22,148 - ERROR - Timeout waiting for price selector. Page layout might have changed or bot detection triggered.
2025-11-30 05:39:22,177 - INFO - Sleeping for 57 seconds...
2025-11-30 05:40:19,537 - INFO - Checking URL: https://webscraper.io/test-sites/e-commerce/allinone/product/553
2025-11-30 05:40:36,262 - ERROR - Timeout waiting for price selector. Page layout might have changed or bot detection triggered.
2025-11-30 05:40:36,290 - INFO - Sleeping for 36 seconds...
2025-11-30 05:41:12,665 - INFO - Checking URL: https://webscraper.io/test-sites/e-commerce/allinone/product/553
2025-11-30 05:41:29,556 - ERROR - Timeout waiting for price selector. Page layout might have changed or bot detection triggered.
2025-11-30 05:41:29,588 - INFO - Sleeping for 55 seconds...
2025-11-30 05:42:24,954 - INFO - Checking URL: https://webscraper.io/test-sites/e-commerce/allinone/product/553
2025-11-30 05:42:41,650 - ERROR - Timeout waiting for price selector. Page layout might have changed or bot detection triggered.
2025-11-30 05:42:41,682 - INFO - Sleeping for 46 seconds...
2025-11-30 05:43:28,034 - INFO - Checking URL: https://webscraper.io/test-sites/e-commerce/allinone/product/553
2025-11-30 05:43:45,068 - ERROR - Timeout waiting for price selector. Page layout might have changed or bot detection triggered.
2025-11-30 05:43:45,096 - INFO - Sleeping for 56 seconds...
2025-11-30 05:44:41,416 - INFO - Checking URL: https://webscraper.io/test-sites/e-commerce/allinone/product/553
2025-11-30 05:44:57,898 - ERROR - Timeout waiting for price selector. Page layout might have changed or bot detection triggered.
2025-11-30 05:44:57,926 - INFO - Sleeping for 52 seconds...
2025-11-30 05:45:50,271 - INFO - Checking URL: https://webscraper.io/test-sites/e-commerce/allinone/product/553
2025-11-30 05:46:07,537 - ERROR - Timeout waiting for price selector. Page layout might have changed or bot detection triggered.
2025-11-30 05:46:07,566 - INFO - Sleeping for 45 seconds...
2025-11-30 05:46:52,871 - INFO - Checking URL: https://webscraper.io/test-sites/e-commerce/allinone/product/553
2025-11-30 05:47:09,247 - ERROR - Timeout waiting for price selector. Page layout might have changed or bot detection triggered.
2025-11-30 05:47:09,280 - INFO - Sleeping for 55 seconds...
2025-11-30 05:48:04,652 - INFO - Checking URL: https://webscraper.io/test-sites/e-commerce/allinone/product/553
2025-11-30 05:48:21,254 - ERROR - Timeout waiting for price selector. Page layout might have changed or bot detection triggered.
2025-11-30 05:48:21,283 - INFO - Sleeping for 37 seconds...
2025-11-30 05:48:58,626 - INFO - Checking URL: https://webscraper.io/test-sites/e-commerce/allinone/product/553
2025-11-30 05:49:14,925 - ERROR - Timeout waiting for price selector. Page layout might have changed or bot detection triggered.
2025-11-30 05:49:14,955 - INFO - Sleeping for 35 seconds...
2025-11-30 05:49:50,313 - INFO - Checking URL: https://webscraper.io/test-sites/e-commerce/allinone/product/553
2025-11-30 05:50:06,594 - ERROR - Timeout waiting for price selector. Page layout might have changed or bot detection triggered.
2025-11-30 05:50:06,621 - INFO - Sleeping for 30 seconds...
2025-11-30 05:50:36,957 - INFO - Checking URL: https://webscraper.io/test-sites/e-commerce/allinone/product/553
2025-11-30 05:50:53,543 - ERROR - Timeout waiting for price selector. Page layout might have changed or bot detection triggered.
2025-11-30 05:50:53,572 - INFO - Sleeping for 56 seconds...
2025-11-30 05:51:49,880 - INFO - Checking URL: https://webscraper.io/test-sites/e-commerce/allinone/product/553
2025-11-30 05:52:06,495 - ERROR - Timeout waiting for price selector. Page layout might have changed or bot detection triggered.
2025-11-30 05:52:06,524 - INFO - Sleeping for 48 seconds...
2025-11-30 05:52:54,875 - INFO - Checking URL: https://webscraper.io/test-sites/e-commerce/allinone/product/553
2025-11-30 05:53:11,735 - ERROR - Timeout waiting for price selector. Page layout might have changed or bot detection triggered.
2025-11-30 05:53:11,760 - INFO - Sleeping for 45 seconds...
2025-11-30 05:53:57,085 - INFO - Checking URL: https://webscraper.io/test-sites/e-commerce/allinone/product/553
2025-11-30 05:54:13,982 - ERROR - Timeout waiting for price selector. Page layout might have changed or bot detection triggered.
2025-11-30 05:54:14,011 - INFO - Sleeping for 55 seconds...
2025-11-30 05:55:09,367 - INFO - Checking URL: https://webscraper.io/test-sites/e-commerce/allinone/product/553
2025-11-30 05:55:25,605 - ERROR - Timeout waiting for price selector. Page layout might have changed or bot detection triggered.
2025-11-30 05:55:25,638 - INFO - Sleeping for 60 seconds...
2025-11-30 05:56:26,007 - INFO - Checking URL: https://webscraper.io/test-sites/e-commerce/allinone/product/553
2025-11-30 05:56:42,546 - ERROR - Timeout waiting for price selector. Page layout might have changed or bot detection triggered.
2025-11-30 05:56:42,575 - INFO - Sleeping for 55 seconds...
2025-11-30 05:57:37,939 - INFO - Checking URL: https://webscraper.io/test-sites/e-commerce/allinone/product/553
2025-11-30 05:57:54,630 - ERROR - Timeout waiting for price selector. Page layout might have changed or bot detection triggered.
2025-11-30 05:57:54,665 - INFO - Sleeping for 52 seconds...
2025-11-30 05:58:47,032 - INFO - Checking URL: https://webscraper.io/test-sites/e-commerce/allinone/product/553
2025-11-30 05:59:03,582 - ERROR - Timeout waiting for price selector. Page layout might have changed or bot detection triggered.
2025-11-30 05:59:03,614 - INFO - Sleeping for 49 seconds...
2025-11-30 05:59:52,974 - INFO - Checking URL: https://webscraper.io/test-sites/e-commerce/allinone/product/553
2025-11-30 06:00:09,917 - ERROR - Timeout waiting for price selector. Page layout might have changed or bot detection triggered.
2025-11-30 06:00:09,946 - INFO - Sleeping for 58 seconds...
2025-11-30 06:01:08,313 - INFO - Checking URL: https://webscraper.io/test-sites/e-commerce/allinone/product/553
2025-11-30 06:01:24,854 - ERROR - Timeout waiting for price selector. Page layout might have changed or bot detection triggered.
2025-11-30 06:01:24,883 - INFO - Sleeping for 56 seconds...
2025-11-30 06:02:21,257 - INFO - Checking URL: https://webscraper.io/test-sites/e-commerce/allinone/product/553
2025-11-30 06:02:38,366 - ERROR - Timeout waiting for price selector. Page layout might have changed or bot detection triggered.
2025-11-30 06:02:38,394 - INFO - Sleeping for 56 seconds...
2025-11-30 06:03:34,752 - INFO - Checking URL: https://webscraper.io/test-sites/e-commerce/allinone/product/553
2025-11-30 06:03:51,273 - ERROR - Timeout waiting for price selector. Page layout might have changed or bot detection triggered.
2025-11-30 06:03:51,302 - INFO - Sleeping for 37 seconds...
2025-11-30 06:04:28,650 - INFO - Checking URL: https://webscraper.io/test-sites/e-commerce/allinone/product/553
2025-11-30 06:04:45,791 - ERROR - Timeout waiting for price selector. Page layout might have changed or bot detection triggered.
2025-11-30 06:04:45,818 - INFO - Sleeping for 30 seconds...
2025-11-30 06:05:16,169 - INFO - Checking URL: https://webscraper.io/test-sites/e-commerce/allinone/product/553
2025-11-30 06:05:32,541 - ERROR - Timeout waiting for price selector. Page layout might have changed or bot detection triggered.
2025-11-30 06:05:32,568 - INFO - Sleeping for 60 seconds...
2025-11-30 06:06:32,883 - INFO - Checking URL: https://webscraper.io/test-sites/e-commerce/allinone/product/553
2025-11-30 06:06:50,323 - ERROR - Timeout waiting for price selector. Page layout might have changed or bot detection triggered.
2025-11-30 06:06:50,350 - INFO - Sleeping for 55 seconds...
2025-11-30 06:07:45,695 - INFO - Checking URL: https://webscraper.io/test-sites/e-commerce/allinone/product/553
2025-11-30 06:08:02,331 - ERROR - Timeout waiting for price selector. Page layout might have changed or bot detection triggered.
2025-11-30 06:08:02,361 - INFO - Sleeping for 51 seconds...
2025-11-30 06:08:53,721 - INFO - Checking URL: https://webscraper.io/test-sites/e-commerce/allinone/product/553
2025-11-30 06:09:10,346 - ERROR - Timeout waiting for price selector. Page layout might have changed or bot detection triggered.
2025-11-30 06:09:10,375 - INFO - Sleeping for 59 seconds...
2025-11-30 06:10:09,708 - INFO - Checking URL: https://webscraper.io/test-sites/e-commerce/allinone/product/553
2025-11-30 06:10:26,225 - ERROR - Timeout waiting for price selector. Page layout might have changed or bot detection triggered.
2025-11-30 06:10:26,261 - INFO - Sleeping for 43 seconds...
2025-11-30 06:11:09,589 - INFO - Checking URL: https://webscraper.io/test-sites/e-commerce/allinone/product/553
2025-11-30 06:11:26,236 - ERROR - Timeout waiting for price selector. Page layout might have changed or bot detection triggered.
2025-11-30 06:11:26,268 - INFO - Sleeping for 38 seconds...
2025-11-30 06:12:04,615 - INFO - Checking URL: https://webscraper.io/test-sites/e-commerce/allinone/product/553
2025-11-30 06:12:21,557 - ERROR - Timeout waiting for price selector. Page layout might have changed or bot detection triggered.
2025-11-30 06:12:21,586 - INFO - Sleeping for 31 seconds...
2025-11-30 06:12:52,911 - INFO - Checking URL: https://webscraper.io/test-sites/e-commerce/allinone/product/553
2025-11-30 06:13:09,526 - ERROR - Timeout waiting for price selector. Page layout might have changed or bot detection triggered.
2025-11-30 06:13:09,554 - INFO - Sleeping for 30 seconds...
2025-11-30 06:13:39,875 - INFO - Checking URL: https://webscraper.io/test-sites/e-commerce/allinone/product/553
2025-11-30 06:13:56,464 - ERROR - Timeout waiting for price selector. Page layout might have changed or bot detection triggered.
2025-11-30 06:13:56,496 - INFO - Sleeping for 50 seconds...
2025-11-30 06:14:46,817 - INFO - Checking URL: https://webscraper.io/test-sites/e-commerce/allinone/product/553
2025-11-30 06:15:04,196 - ERROR - Timeout waiting for price selector. Page layout might have changed or bot detection triggered.
2025-11-30 06:15:04,224 - INFO - Sleeping for 36 seconds...
2025-11-30 06:15:40,569 - INFO - Checking URL: https://webscraper.io/test-sites/e-commerce/allinone/product/553
2025-11-30 06:15:56,918 - ERROR - Timeout waiting for price selector. Page layout might have changed or bot detection triggered.
2025-11-30 06:15:56,946 - INFO - Sleeping for 58 seconds...
2025-11-30 06:16:55,342 - INFO - Checking URL: https://webscraper.io/test-sites/e-commerce/allinone/product/553
2025-11-30 06:17:11,856 - ERROR - Timeout waiting for price selector. Page layout might have changed or bot detection triggered.
2025-11-30 06:17:11,885 - INFO - Sleeping for 39 seconds...
2025-11-30 06:17:51,220 - INFO - Checking URL: https://webscraper.io/test-sites/e-commerce/allinone/product/553
2025-11-30 06:18:08,214 - ERROR - Timeout waiting for price selector. Page layout might have changed or bot detection triggered.
2025-11-30 06:18:08,243 - INFO - Sleeping for 36 seconds...
2025-11-30 06:18:44,593 - INFO - Checking URL: https://webscraper.io/test-sites/e-commerce/allinone/product/553
2025-11-30 06:19:01,100 - ERROR - Timeout waiting for price selector. Page layout might have changed or bot detection triggered.
2025-11-30 06:19:01,130 - INFO - Sleeping for 48 seconds...
2025-11-30 06:19:49,451 - INFO - Checking URL: https://webscraper.io/test-sites/e-commerce/allinone/product/553
2025-11-30 06:20:06,345 - ERROR - Timeout waiting for price selector. Page layout might have changed or bot detection triggered.
2025-11-30 06:20:06,373 - INFO - Sleeping for 56 seconds...
2025-11-30 06:21:02,716 - INFO - Checking URL: https://webscraper.io/test-sites/e-commerce/allinone/product/553
2025-11-30 06:21:19,484 - ERROR - Timeout waiting for price selector. Page layout might have changed or bot detection triggered.
2025-11-30 06:21:19,513 - INFO - Sleeping for 52 seconds...
2025-11-30 06:22:11,870 - INFO - Checking URL: https://webscraper.io/test-sites/e-commerce/allinone/product/553
2025-11-30 06:22:28,781 - ERROR - Timeout waiting for price selector. Page layout might have changed or bot detection triggered.
2025-11-30 06:22:28,810 - INFO - Sleeping for 45 seconds...
2025-11-30 06:23:14,163 - INFO - Checking URL: https://webscraper.io/test-sites/e-commerce/allinone/product/553
2025-11-30 06:23:31,057 - ERROR - Timeout waiting for price selector. Page layout might have changed or bot detection triggered.
2025-11-30 06:23:31,086 - INFO - Sleeping for 50 seconds...
2025-11-30 06:24:21,459 - INFO - Checking URL: https://webscraper.io/test-sites/e-commerce/allinone/product/553
2025-11-30 06:24:38,422 - ERROR - Timeout waiting for price selector. Page layout might have changed or bot detection triggered.
2025-11-30 06:24:38,451 - INFO - Sleeping for 51 seconds...
2025-11-30 06:25:29,780 - INFO - Checking URL: https://webscraper.io/test-sites/e-commerce/allinone/product/553
2025-11-30 06:25:47,041 - ERROR - Timeout waiting for price selector. Page layout might have changed or bot detection triggered.
2025-11-30 06:25:47,069 - INFO - Sleeping for 35 seconds...
2025-11-30 06:26:22,406 - INFO - Checking URL: https://webscraper.io/test-sites/e-commerce/allinone/product/553
2025-11-30 06:26:39,254 - ERROR - Timeout waiting for price selector. Page layout might have changed or bot detection triggered.
2025-11-30 06:26:39,283 - INFO - Sleeping for 57 seconds...
2025-11-30 06:27:36,628 - INFO - Checking URL: https://webscraper.io/test-sites/e-commerce/allinone/product/553
2025-11-30 06:27:52,905 - ERROR - Timeout waiting for price selector. Page layout might have changed or bot detection triggered.
2025-11-30 06:27:52,934 - INFO - Sleeping for 36 seconds...
2025-11-30 06:28:29,244 - INFO - Checking URL: https://webscraper.io/test-sites/e-commerce/allinone/product/553
2025-11-30 06:28:45,774 - ERROR - Timeout waiting for price selector. Page layout might have changed or bot detection triggered.
2025-11-30 06:28:45,802 - INFO - Sleeping for 34 seconds...
2025-11-30 06:29:20,166 - INFO - Checking URL: https://webscraper.io/test-sites/e-commerce/allinone/product/553
2025-11-30 06:29:36,866 - ERROR - Timeout waiting for price selector. Page layout might have changed or bot detection triggered.
2025-11-30 06:29:36,895 - INFO - Sleeping for 40 seconds...
2025-11-30 06:30:17,254 - INFO - Checking URL: https://webscraper.io/test-sites/e-commerce/allinone/product/553
2025-11-30 06:30:34,389 - ERROR - Timeout waiting for price selector. Page layout might have changed or bot detection triggered.
2025-11-30 06:30:34,419 - INFO - Sleeping for 56 seconds...
2025-11-30 06:31:30,776 - INFO - Checking URL: https://webscraper.io/test-sites/e-commerce/allinone/product/553
2025-11-30 06:31:48,225 - ERROR - Timeout waiting for price selector. Page layout might have changed or bot detection triggered.
2025-11-30 06:31:48,261 - INFO - Sleeping for 31 seconds...
2025-11-30 06:32:19,609 - INFO - Checking URL: https://webscraper.io/test-sites/e-commerce/allinone/product/553
2025-11-30 06:32:36,504 - ERROR - Timeout waiting for price selector. Page layout might have changed or bot detection triggered.
2025-11-30 06:32:36,532 - INFO - Sleeping for 46 seconds...
2025-11-30 06:33:22,891 - INFO - Checking URL: https://webscraper.io/test-sites/e-commerce/allinone/product/553
2025-11-30 06:33:39,394 - ERROR - Timeout waiting for price selector. Page layout might have changed or bot detection triggered.
2025-11-30 06:33:39,427 - INFO - Sleeping for 40 seconds...
2025-11-30 06:34:19,763 - INFO - Checking URL: https://webscraper.io/test-sites/e-commerce/allinone/product/553
2025-11-30 06:34:35,977 - ERROR - Timeout waiting for price selector. Page layout might have changed or bot detection triggered.
2025-11-30 06:34:36,005 - INFO - Sleeping for 43 seconds...
2025-11-30 06:35:19,349 - INFO - Checking URL: https://webscraper.io/test-sites/e-commerce/allinone/product/553
2025-11-30 06:35:36,345 - ERROR - Timeout waiting for price selector. Page layout might have changed or bot detection triggered.
2025-11-30 06:35:36,377 - INFO - Sleeping for 48 seconds...
2025-11-30 06:36:24,744 - INFO - Checking URL: https://webscraper.io/test-sites/e-commerce/allinone/product/553
2025-11-30 06:36:40,945 - ERROR - Timeout waiting for price selector. Page layout might have changed or bot detection triggered.
2025-11-30 06:36:40,974 - INFO - Sleeping for 35 seconds...
2025-11-30 06:37:16,335 - INFO - Checking URL: https://webscraper.io/test-sites/e-commerce/allinone/product/553
2025-11-30 06:37:33,283 - ERROR - Timeout waiting for price selector. Page layout might have changed or bot detection triggered.
2025-11-30 06:37:33,314 - INFO - Sleeping for 33 seconds...
2025-11-30 06:38:06,660 - INFO - Checking URL: https://webscraper.io/test-sites/e-commerce/allinone/product/553
2025-11-30 06:38:23,410 - ERROR - Timeout waiting for price selector. Page layout might have changed or bot detection triggered.
2025-11-30 06:38:23,442 - INFO - Sleeping for 54 seconds...
2025-11-30 06:39:17,797 - INFO - Checking URL: https://webscraper.io/test-sites/e-commerce/allinone/product/553
2025-11-30 06:39:34,139 - ERROR - Timeout waiting for price selector. Page layout might have changed or bot detection triggered.
2025-11-30 06:39:34,171 - INFO - Sleeping for 58 seconds...
2025-11-30 06:40:32,473 - INFO - Checking URL: https://webscraper.io/test-sites/e-commerce/allinone/product/553
2025-11-30 06:40:49,184 - ERROR - Timeout waiting for price selector. Page layout might have changed or bot detection triggered.
2025-11-30 06:40:49,213 - INFO - Sleeping for 56 seconds...
2025-11-30 06:41:45,589 - INFO - Checking URL: https://webscraper.io/test-sites/e-commerce/allinone/product/553
2025-11-30 06:42:02,550 - ERROR - Timeout waiting for price selector. Page layout might have changed or bot detection triggered.
2025-11-30 06:42:02,578 - INFO - Sleeping for 50 seconds...
2025-11-30 06:42:52,894 - INFO - Checking URL: https://webscraper.io/test-sites/e-commerce/allinone/product/553
2025-11-30 06:43:10,179 - ERROR - Timeout waiting for price selector. Page layout might have changed or bot detection triggered.
2025-11-30 06:43:10,210 - INFO - Sleeping for 38 seconds...
2025-11-30 06:43:48,567 - INFO - Checking URL: https://webscraper.io/test-sites/e-commerce/allinone/product/553
2025-11-30 06:44:05,338 - ERROR - Timeout waiting for price selector. Page layout might have changed or bot detection triggered.
2025-11-30 06:44:05,366 - INFO - Sleeping for 32 seconds...
2025-11-30 06:44:37,706 - INFO - Checking URL: https://webscraper.io/test-sites/e-commerce/allinone/product/553
2025-11-30 06:44:54,154 - ERROR - Timeout waiting for price selector. Page layout might have changed or bot detection triggered.
2025-11-30 06:44:54,183 - INFO - Sleeping for 50 seconds...
2025-11-30 06:45:44,537 - INFO - Checking URL: https://webscraper.io/test-sites/e-commerce/allinone/product/553
2025-11-30 06:46:01,320 - ERROR - Timeout waiting for price selector. Page layout might have changed or bot detection triggered.
2025-11-30 06:46:01,352 - INFO - Sleeping for 54 seconds...
2025-11-30 06:46:55,729 - INFO - Checking URL: https://webscraper.io/test-sites/e-commerce/allinone/product/553
2025-11-30 06:47:12,269 - ERROR - Timeout waiting for price selector. Page layout might have changed or bot detection triggered.
2025-11-30 06:47:12,297 - INFO - Sleeping for 43 seconds...
2025-11-30 06:47:55,671 - INFO - Checking URL: https://webscraper.io/test-sites/e-commerce/allinone/product/553
2025-11-30 06:48:12,169 - ERROR - Timeout waiting for price selector. Page layout might have changed or bot detection triggered.
2025-11-30 06:48:12,226 - INFO - Sleeping for 38 seconds...
2025-11-30 06:48:50,581 - INFO - Checking URL: https://webscraper.io/test-sites/e-commerce/allinone/product/553
2025-11-30 06:49:06,768 - ERROR - Timeout waiting for price selector. Page layout might have changed or bot detection triggered.
2025-11-30 06:49:06,797 - INFO - Sleeping for 30 seconds...
2025-11-30 06:49:37,132 - INFO - Checking URL: https://webscraper.io/test-sites/e-commerce/allinone/product/553
2025-11-30 06:49:53,410 - ERROR - Timeout waiting for price selector. Page layout might have changed or bot detection triggered.
2025-11-30 06:49:53,445 - INFO - Sleeping for 33 seconds...
2025-11-30 06:50:26,773 - INFO - Checking URL: https://webscraper.io/test-sites/e-commerce/allinone/product/553
2025-11-30 06:50:43,315 - ERROR - Timeout waiting for price selector. Page layout might have changed or bot detection triggered.
2025-11-30 06:50:43,346 - INFO - Sleeping for 47 seconds...
2025-11-30 06:51:30,708 - INFO - Checking URL: https://webscraper.io/test-sites/e-commerce/allinone/product/553
2025-11-30 06:51:47,167 - ERROR - Timeout waiting for price selector. Page layout might have changed or bot detection triggered.
2025-11-30 06:51:47,196 - INFO - Sleeping for 33 seconds...
2025-11-30 06:52:20,540 - INFO - Checking URL: https://webscraper.io/test-sites/e-commerce/allinone/product/553
2025-11-30 06:52:37,228 - ERROR - Timeout waiting for price selector. Page layout might have changed or bot detection triggered.
2025-11-30 06:52:37,257 - INFO - Sleeping for 59 seconds...
2025-11-30 06:53:36,633 - INFO - Checking URL: https://webscraper.io/test-sites/e-commerce/allinone/product/553
2025-11-30 06:53:53,521 - ERROR - Timeout waiting for price selector. Page layout might have changed or bot detection triggered.
2025-11-30 06:53:53,556 - INFO - Sleeping for 45 seconds...
2025-11-30 06:54:38,884 - INFO - Checking URL: https://webscraper.io/test-sites/e-commerce/allinone/product/553
2025-11-30 06:54:55,655 - ERROR - Timeout waiting for price selector. Page layout might have changed or bot detection triggered.
2025-11-30 06:54:55,683 - INFO - Sleeping for 41 seconds...
2025-11-30 06:55:37,033 - INFO - Checking URL: https://webscraper.io/test-sites/e-commerce/allinone/product/553
2025-11-30 06:55:53,815 - ERROR - Timeout waiting for price selector. Page layout might have changed or bot detection triggered.
2025-11-30 06:55:53,849 - INFO - Sleeping for 43 seconds...
2025-11-30 13:15:13,302 - INFO - Checking URL: https://webscraper.io/test-sites/e-commerce/allinone/product/553
2025-11-30 13:15:13,307 - ERROR - An error occurred during the check: Page.goto: net::ERR_NAME_NOT_RESOLVED at https://webscraper.io/test-sites/e-commerce/allinone/product/553
Call log:
navigating to "https://webscraper.io/test-sites/e-commerce/allinone/product/553", waiting until "networkidle"

2025-11-30 13:15:13,460 - INFO - Sleeping for 49 seconds...
2025-11-30 13:16:02,858 - INFO - Checking URL: https://webscraper.io/test-sites/e-commerce/allinone/product/553
2025-11-30 13:16:19,385 - ERROR - Timeout waiting for price selector. Page layout might have changed or bot detection triggered.
2025-11-30 13:16:19,415 - INFO - Sleeping for 60 seconds...
2025-11-30 13:17:19,797 - INFO - Checking URL: https://webscraper.io/test-sites/e-commerce/allinone/product/553
2025-11-30 13:17:36,527 - ERROR - Timeout waiting for price selector. Page layout might have changed or bot detection triggered.
2025-11-30 13:17:36,555 - INFO - Sleeping for 48 seconds...
2025-11-30 13:18:24,953 - INFO - Checking URL: https://webscraper.io/test-sites/e-commerce/allinone/product/553
2025-11-30 13:18:41,400 - ERROR - Timeout waiting for price selector. Page layout might have changed or bot detection triggered.
2025-11-30 13:18:41,436 - INFO - Sleeping for 51 seconds...
2025-11-30 13:19:32,835 - INFO - Checking URL: https://webscraper.io/test-sites/e-commerce/allinone/product/553
2025-11-30 13:19:49,645 - ERROR - Timeout waiting for price selector. Page layout might have changed or bot detection triggered.
2025-11-30 13:19:49,675 - INFO - Sleeping for 54 seconds...
2025-11-30 13:20:44,089 - INFO - Checking URL: https://webscraper.io/test-sites/e-commerce/allinone/product/553
2025-11-30 13:21:00,449 - ERROR - Timeout waiting for price selector. Page layout might have changed or bot detection triggered.
2025-11-30 13:21:00,482 - INFO - Sleeping for 31 seconds...
2025-11-30 13:21:31,860 - INFO - Checking URL: https://webscraper.io/test-sites/e-commerce/allinone/product/553
2025-11-30 13:21:49,277 - ERROR - Timeout waiting for price selector. Page layout might have changed or bot detection triggered.
2025-11-30 13:21:49,303 - INFO - Sleeping for 31 seconds...
2025-11-30 13:22:20,710 - INFO - Checking URL: https://webscraper.io/test-sites/e-commerce/allinone/product/553
2025-11-30 13:22:37,142 - ERROR - Timeout waiting for price selector. Page layout might have changed or bot detection triggered.
2025-11-30 13:22:37,172 - INFO - Sleeping for 55 seconds...
2025-11-30 13:23:32,521 - INFO - Checking URL: https://webscraper.io/test-sites/e-commerce/allinone/product/553
2025-11-30 13:23:48,906 - ERROR - Timeout waiting for price selector. Page layout might have changed or bot detection triggered.
2025-11-30 13:23:48,938 - INFO - Sleeping for 35 seconds...
2025-11-30 13:24:24,334 - INFO - Checking URL: https://webscraper.io/test-sites/e-commerce/allinone/product/553
2025-11-30 13:24:40,835 - ERROR - Timeout waiting for price selector. Page layout might have changed or bot detection triggered.
2025-11-30 13:24:40,864 - INFO - Sleeping for 42 seconds...
2025-11-30 13:25:23,242 - INFO - Checking URL: https://webscraper.io/test-sites/e-commerce/allinone/product/553
2025-11-30 13:25:40,318 - ERROR - Timeout waiting for price selector. Page layout might have changed or bot detection triggered.
2025-11-30 13:25:40,345 - INFO - Sleeping for 30 seconds...
2025-11-30 13:26:10,692 - INFO - Checking URL: https://webscraper.io/test-sites/e-commerce/allinone/product/553
2025-11-30 13:26:26,942 - ERROR - Timeout waiting for price selector. Page layout might have changed or bot detection triggered.
2025-11-30 13:26:26,975 - INFO - Sleeping for 60 seconds...
2025-11-30 13:27:27,380 - INFO - Checking URL: https://webscraper.io/test-sites/e-commerce/allinone/product/553
2025-11-30 13:27:44,574 - ERROR - Timeout waiting for price selector. Page layout might have changed or bot detection triggered.
2025-11-30 13:27:44,605 - INFO - Sleeping for 33 seconds...
2025-11-30 13:28:17,944 - INFO - Checking URL: https://webscraper.io/test-sites/e-commerce/allinone/product/553
2025-11-30 13:28:34,644 - ERROR - Timeout waiting for price selector. Page layout might have changed or bot detection triggered.
2025-11-30 13:28:34,672 - INFO - Sleeping for 50 seconds...
2025-11-30 13:29:25,072 - INFO - Checking URL: https://webscraper.io/test-sites/e-commerce/allinone/product/553
2025-11-30 13:29:41,511 - ERROR - Timeout waiting for price selector. Page layout might have changed or bot detection triggered.
2025-11-30 13:29:41,539 - INFO - Sleeping for 35 seconds...
2025-11-30 13:30:16,896 - INFO - Checking URL: https://webscraper.io/test-sites/e-commerce/allinone/product/553
2025-11-30 13:30:33,957 - ERROR - Timeout waiting for price selector. Page layout might have changed or bot detection triggered.
2025-11-30 13:30:33,985 - INFO - Sleeping for 36 seconds...
2025-11-30 13:31:10,369 - INFO - Checking URL: https://webscraper.io/test-sites/e-commerce/allinone/product/553
